<?xml version="1.0" encoding="utf-8"?>
<CoverageSession>
  <Summary numSequencePoints="377" visitedSequencePoints="0" numBranchPoints="106" visitedBranchPoints="0" sequenceCoverage="0" branchCoverage="0" maxCyclomaticComplexity="137" minCyclomaticComplexity="137" visitedClasses="0" numClasses="14" visitedMethods="0" numMethods="49" />
  <Modules>
    <Module hash="F2FF77B4-1BF7-4138-B610-F2BB7D906123">
      <ModulePath>DisprzTraining.dll</ModulePath>
      <ModuleTime>2023-01-17T04:54:07</ModuleTime>
      <ModuleName>DisprzTraining</ModuleName>
      <Files>
        <File uid="1" fullPath="d:\DisprzTraining\DisprzTraining\Program.cs" />
        <File uid="2" fullPath="d:\DisprzTraining\DisprzTraining\Utils\ConfigureDependenciesExtension.cs" />
        <File uid="3" fullPath="d:\DisprzTraining\DisprzTraining\Models\Appointment.cs" />
        <File uid="4" fullPath="d:\DisprzTraining\DisprzTraining\Models\Response.cs" />
        <File uid="5" fullPath="d:\DisprzTraining\DisprzTraining\Extensions\Extension.cs" />
        <File uid="6" fullPath="d:\DisprzTraining\DisprzTraining\Data\EventData.cs" />
        <File uid="7" fullPath="d:\DisprzTraining\DisprzTraining\DataAccess\AppointmentDAL.cs" />
        <File uid="8" fullPath="d:\DisprzTraining\DisprzTraining\CustomExceptions\CustomException.cs" />
        <File uid="9" fullPath="d:\DisprzTraining\DisprzTraining\Controllers\AppointmentsController.cs" />
        <File uid="10" fullPath="d:\DisprzTraining\DisprzTraining\Business\AppointmentBL.cs" />
      </Files>
      <Classes>
        <Class>
          <Summary numSequencePoints="24" visitedSequencePoints="0" numBranchPoints="2" visitedBranchPoints="0" sequenceCoverage="0" branchCoverage="0" maxCyclomaticComplexity="2" minCyclomaticComplexity="2" visitedClasses="0" numClasses="1" visitedMethods="0" numMethods="1" />
          <FullName>Program</FullName>
          <Methods>
            <Method cyclomaticComplexity="2" nPathComplexity="2" sequenceCoverage="0" branchCoverage="0" isConstructor="False" isGetter="False" isSetter="False" isStatic="True">
              <Summary numSequencePoints="24" visitedSequencePoints="0" numBranchPoints="2" visitedBranchPoints="0" sequenceCoverage="0" branchCoverage="0" maxCyclomaticComplexity="2" minCyclomaticComplexity="2" visitedClasses="0" numClasses="0" visitedMethods="0" numMethods="1" />
              <MetadataToken />
              <Name>System.Void Program::&lt;Main&gt;$(System.String[])</Name>
              <FileRef uid="1" />
              <SequencePoints>
                <SequencePoint vc="0" uspid="4" ordinal="0" sl="4" sc="1" el="4" ec="2" bec="0" bev="0" fileid="1" />
                <SequencePoint vc="0" uspid="5" ordinal="1" sl="5" sc="1" el="5" ec="2" bec="0" bev="0" fileid="1" />
                <SequencePoint vc="0" uspid="6" ordinal="2" sl="6" sc="1" el="6" ec="2" bec="0" bev="0" fileid="1" />
                <SequencePoint vc="0" uspid="7" ordinal="3" sl="7" sc="1" el="7" ec="2" bec="0" bev="0" fileid="1" />
                <SequencePoint vc="0" uspid="8" ordinal="4" sl="8" sc="1" el="8" ec="2" bec="0" bev="0" fileid="1" />
                <SequencePoint vc="0" uspid="9" ordinal="5" sl="9" sc="1" el="9" ec="2" bec="0" bev="0" fileid="1" />
                <SequencePoint vc="0" uspid="10" ordinal="6" sl="10" sc="1" el="10" ec="2" bec="0" bev="0" fileid="1" />
                <SequencePoint vc="0" uspid="11" ordinal="7" sl="11" sc="1" el="11" ec="2" bec="0" bev="0" fileid="1" />
                <SequencePoint vc="0" uspid="12" ordinal="8" sl="12" sc="1" el="12" ec="2" bec="0" bev="0" fileid="1" />
                <SequencePoint vc="0" uspid="16" ordinal="9" sl="16" sc="1" el="16" ec="2" bec="0" bev="0" fileid="1" />
                <SequencePoint vc="0" uspid="18" ordinal="10" sl="18" sc="1" el="18" ec="2" bec="0" bev="0" fileid="1" />
                <SequencePoint vc="0" uspid="19" ordinal="11" sl="19" sc="1" el="19" ec="2" bec="0" bev="0" fileid="1" />
                <SequencePoint vc="0" uspid="21" ordinal="12" sl="21" sc="1" el="21" ec="2" bec="0" bev="0" fileid="1" />
                <SequencePoint vc="0" uspid="23" ordinal="13" sl="23" sc="1" el="23" ec="2" bec="0" bev="0" fileid="1" />
                <SequencePoint vc="0" uspid="26" ordinal="14" sl="26" sc="1" el="26" ec="2" bec="2" bev="0" fileid="1" />
                <SequencePoint vc="0" uspid="27" ordinal="15" sl="27" sc="1" el="27" ec="2" bec="0" bev="0" fileid="1" />
                <SequencePoint vc="0" uspid="28" ordinal="16" sl="28" sc="1" el="28" ec="2" bec="0" bev="0" fileid="1" />
                <SequencePoint vc="0" uspid="29" ordinal="17" sl="29" sc="1" el="29" ec="2" bec="0" bev="0" fileid="1" />
                <SequencePoint vc="0" uspid="30" ordinal="18" sl="30" sc="1" el="30" ec="2" bec="0" bev="0" fileid="1" />
                <SequencePoint vc="0" uspid="32" ordinal="19" sl="32" sc="1" el="32" ec="2" bec="0" bev="0" fileid="1" />
                <SequencePoint vc="0" uspid="34" ordinal="20" sl="34" sc="1" el="34" ec="2" bec="0" bev="0" fileid="1" />
                <SequencePoint vc="0" uspid="35" ordinal="21" sl="35" sc="1" el="35" ec="2" bec="0" bev="0" fileid="1" />
                <SequencePoint vc="0" uspid="37" ordinal="22" sl="37" sc="1" el="37" ec="2" bec="0" bev="0" fileid="1" />
                <SequencePoint vc="0" uspid="39" ordinal="23" sl="39" sc="1" el="39" ec="2" bec="0" bev="0" fileid="1" />
              </SequencePoints>
              <BranchPoints>
                <BranchPoint vc="0" uspid="26" ordinal="0" path="0" offset="136" offsetend="138" sl="26" fileid="1" />
                <BranchPoint vc="0" uspid="26" ordinal="1" path="1" offset="136" offsetend="156" sl="26" fileid="1" />
              </BranchPoints>
              <MethodPoint vc="0" uspid="0" p8:type="SequencePoint" ordinal="0" offset="0" sc="0" sl="4" ec="1" el="39" bec="0" bev="0" fileid="1" xmlns:p8="xsi" />
            </Method>
          </Methods>
        </Class>
        <Class>
          <Summary numSequencePoints="5" visitedSequencePoints="0" numBranchPoints="0" visitedBranchPoints="0" sequenceCoverage="0" branchCoverage="100" maxCyclomaticComplexity="1" minCyclomaticComplexity="1" visitedClasses="0" numClasses="1" visitedMethods="0" numMethods="1" />
          <FullName>DisprzTraining.Utils.ConfigureDependenciesExtension</FullName>
          <Methods>
            <Method cyclomaticComplexity="1" nPathComplexity="1" sequenceCoverage="0" branchCoverage="100" isConstructor="False" isGetter="False" isSetter="False" isStatic="True">
              <Summary numSequencePoints="5" visitedSequencePoints="0" numBranchPoints="0" visitedBranchPoints="0" sequenceCoverage="0" branchCoverage="100" maxCyclomaticComplexity="1" minCyclomaticComplexity="1" visitedClasses="0" numClasses="0" visitedMethods="0" numMethods="1" />
              <MetadataToken />
              <Name>System.Void DisprzTraining.Utils.ConfigureDependenciesExtension::ConfigureDependencyInjections(Microsoft.Extensions.DependencyInjection.IServiceCollection)</Name>
              <FileRef uid="2" />
              <SequencePoints>
                <SequencePoint vc="0" uspid="12" ordinal="0" sl="12" sc="1" el="12" ec="2" bec="0" bev="0" fileid="2" />
                <SequencePoint vc="0" uspid="13" ordinal="1" sl="13" sc="1" el="13" ec="2" bec="0" bev="0" fileid="2" />
                <SequencePoint vc="0" uspid="15" ordinal="2" sl="15" sc="1" el="15" ec="2" bec="0" bev="0" fileid="2" />
                <SequencePoint vc="0" uspid="16" ordinal="3" sl="16" sc="1" el="16" ec="2" bec="0" bev="0" fileid="2" />
                <SequencePoint vc="0" uspid="17" ordinal="4" sl="17" sc="1" el="17" ec="2" bec="0" bev="0" fileid="2" />
              </SequencePoints>
              <BranchPoints />
              <MethodPoint vc="0" uspid="0" p8:type="SequencePoint" ordinal="0" offset="0" sc="0" sl="12" ec="1" el="17" bec="0" bev="0" fileid="2" xmlns:p8="xsi" />
            </Method>
          </Methods>
        </Class>
        <Class>
          <Summary numSequencePoints="6" visitedSequencePoints="0" numBranchPoints="0" visitedBranchPoints="0" sequenceCoverage="0" branchCoverage="100" maxCyclomaticComplexity="1" minCyclomaticComplexity="1" visitedClasses="0" numClasses="1" visitedMethods="0" numMethods="6" />
          <FullName>DisprzTraining.Models.Appointment</FullName>
          <Methods>
            <Method cyclomaticComplexity="1" nPathComplexity="1" sequenceCoverage="0" branchCoverage="100" isConstructor="False" isGetter="True" isSetter="False" isStatic="True">
              <Summary numSequencePoints="1" visitedSequencePoints="0" numBranchPoints="0" visitedBranchPoints="0" sequenceCoverage="0" branchCoverage="100" maxCyclomaticComplexity="1" minCyclomaticComplexity="1" visitedClasses="0" numClasses="0" visitedMethods="0" numMethods="1" />
              <MetadataToken />
              <Name>System.Guid DisprzTraining.Models.Appointment::get_Id()</Name>
              <FileRef uid="3" />
              <SequencePoints>
                <SequencePoint vc="0" uspid="7" ordinal="0" sl="7" sc="1" el="7" ec="2" bec="0" bev="0" fileid="3" />
              </SequencePoints>
              <BranchPoints />
              <MethodPoint vc="0" uspid="0" p8:type="SequencePoint" ordinal="0" offset="0" sc="0" sl="7" ec="1" el="7" bec="0" bev="0" fileid="3" xmlns:p8="xsi" />
            </Method>
            <Method cyclomaticComplexity="1" nPathComplexity="1" sequenceCoverage="0" branchCoverage="100" isConstructor="False" isGetter="True" isSetter="False" isStatic="True">
              <Summary numSequencePoints="1" visitedSequencePoints="0" numBranchPoints="0" visitedBranchPoints="0" sequenceCoverage="0" branchCoverage="100" maxCyclomaticComplexity="1" minCyclomaticComplexity="1" visitedClasses="0" numClasses="0" visitedMethods="0" numMethods="1" />
              <MetadataToken />
              <Name>System.String DisprzTraining.Models.Appointment::get_EventName()</Name>
              <FileRef uid="3" />
              <SequencePoints>
                <SequencePoint vc="0" uspid="9" ordinal="0" sl="9" sc="1" el="9" ec="2" bec="0" bev="0" fileid="3" />
              </SequencePoints>
              <BranchPoints />
              <MethodPoint vc="0" uspid="0" p8:type="SequencePoint" ordinal="1" offset="1" sc="0" sl="9" ec="1" el="9" bec="0" bev="0" fileid="3" xmlns:p8="xsi" />
            </Method>
            <Method cyclomaticComplexity="1" nPathComplexity="1" sequenceCoverage="0" branchCoverage="100" isConstructor="False" isGetter="True" isSetter="False" isStatic="True">
              <Summary numSequencePoints="1" visitedSequencePoints="0" numBranchPoints="0" visitedBranchPoints="0" sequenceCoverage="0" branchCoverage="100" maxCyclomaticComplexity="1" minCyclomaticComplexity="1" visitedClasses="0" numClasses="0" visitedMethods="0" numMethods="1" />
              <MetadataToken />
              <Name>System.DateTime DisprzTraining.Models.Appointment::get_StartTime()</Name>
              <FileRef uid="3" />
              <SequencePoints>
                <SequencePoint vc="0" uspid="11" ordinal="0" sl="11" sc="1" el="11" ec="2" bec="0" bev="0" fileid="3" />
              </SequencePoints>
              <BranchPoints />
              <MethodPoint vc="0" uspid="0" p8:type="SequencePoint" ordinal="2" offset="2" sc="0" sl="11" ec="1" el="11" bec="0" bev="0" fileid="3" xmlns:p8="xsi" />
            </Method>
            <Method cyclomaticComplexity="1" nPathComplexity="1" sequenceCoverage="0" branchCoverage="100" isConstructor="False" isGetter="True" isSetter="False" isStatic="True">
              <Summary numSequencePoints="1" visitedSequencePoints="0" numBranchPoints="0" visitedBranchPoints="0" sequenceCoverage="0" branchCoverage="100" maxCyclomaticComplexity="1" minCyclomaticComplexity="1" visitedClasses="0" numClasses="0" visitedMethods="0" numMethods="1" />
              <MetadataToken />
              <Name>System.DateTime DisprzTraining.Models.Appointment::get_EndTime()</Name>
              <FileRef uid="3" />
              <SequencePoints>
                <SequencePoint vc="0" uspid="13" ordinal="0" sl="13" sc="1" el="13" ec="2" bec="0" bev="0" fileid="3" />
              </SequencePoints>
              <BranchPoints />
              <MethodPoint vc="0" uspid="0" p8:type="SequencePoint" ordinal="3" offset="3" sc="0" sl="13" ec="1" el="13" bec="0" bev="0" fileid="3" xmlns:p8="xsi" />
            </Method>
            <Method cyclomaticComplexity="1" nPathComplexity="1" sequenceCoverage="0" branchCoverage="100" isConstructor="False" isGetter="True" isSetter="False" isStatic="True">
              <Summary numSequencePoints="1" visitedSequencePoints="0" numBranchPoints="0" visitedBranchPoints="0" sequenceCoverage="0" branchCoverage="100" maxCyclomaticComplexity="1" minCyclomaticComplexity="1" visitedClasses="0" numClasses="0" visitedMethods="0" numMethods="1" />
              <MetadataToken />
              <Name>System.String DisprzTraining.Models.Appointment::get_EventDescription()</Name>
              <FileRef uid="3" />
              <SequencePoints>
                <SequencePoint vc="0" uspid="14" ordinal="0" sl="14" sc="1" el="14" ec="2" bec="0" bev="0" fileid="3" />
              </SequencePoints>
              <BranchPoints />
              <MethodPoint vc="0" uspid="0" p8:type="SequencePoint" ordinal="4" offset="4" sc="0" sl="14" ec="1" el="14" bec="0" bev="0" fileid="3" xmlns:p8="xsi" />
            </Method>
            <Method cyclomaticComplexity="1" nPathComplexity="1" sequenceCoverage="0" branchCoverage="100" isConstructor="False" isGetter="True" isSetter="False" isStatic="True">
              <Summary numSequencePoints="1" visitedSequencePoints="0" numBranchPoints="0" visitedBranchPoints="0" sequenceCoverage="0" branchCoverage="100" maxCyclomaticComplexity="1" minCyclomaticComplexity="1" visitedClasses="0" numClasses="0" visitedMethods="0" numMethods="1" />
              <MetadataToken />
              <Name>System.Collections.Generic.List`1&lt;System.String&gt; DisprzTraining.Models.Appointment::get_receiverMail()</Name>
              <FileRef uid="3" />
              <SequencePoints>
                <SequencePoint vc="0" uspid="15" ordinal="0" sl="15" sc="1" el="15" ec="2" bec="0" bev="0" fileid="3" />
              </SequencePoints>
              <BranchPoints />
              <MethodPoint vc="0" uspid="0" p8:type="SequencePoint" ordinal="5" offset="5" sc="0" sl="15" ec="1" el="15" bec="0" bev="0" fileid="3" xmlns:p8="xsi" />
            </Method>
          </Methods>
        </Class>
        <Class>
          <Summary numSequencePoints="2" visitedSequencePoints="0" numBranchPoints="0" visitedBranchPoints="0" sequenceCoverage="0" branchCoverage="100" maxCyclomaticComplexity="1" minCyclomaticComplexity="1" visitedClasses="0" numClasses="1" visitedMethods="0" numMethods="2" />
          <FullName>DisprzTraining.Models.Response</FullName>
          <Methods>
            <Method cyclomaticComplexity="1" nPathComplexity="1" sequenceCoverage="0" branchCoverage="100" isConstructor="False" isGetter="True" isSetter="False" isStatic="True">
              <Summary numSequencePoints="1" visitedSequencePoints="0" numBranchPoints="0" visitedBranchPoints="0" sequenceCoverage="0" branchCoverage="100" maxCyclomaticComplexity="1" minCyclomaticComplexity="1" visitedClasses="0" numClasses="0" visitedMethods="0" numMethods="1" />
              <MetadataToken />
              <Name>System.Nullable`1&lt;System.Int32&gt; DisprzTraining.Models.Response::get_StatusCode()</Name>
              <FileRef uid="4" />
              <SequencePoints>
                <SequencePoint vc="0" uspid="5" ordinal="0" sl="5" sc="1" el="5" ec="2" bec="0" bev="0" fileid="4" />
              </SequencePoints>
              <BranchPoints />
              <MethodPoint vc="0" uspid="0" p8:type="SequencePoint" ordinal="0" offset="0" sc="0" sl="5" ec="1" el="5" bec="0" bev="0" fileid="4" xmlns:p8="xsi" />
            </Method>
            <Method cyclomaticComplexity="1" nPathComplexity="1" sequenceCoverage="0" branchCoverage="100" isConstructor="False" isGetter="True" isSetter="False" isStatic="True">
              <Summary numSequencePoints="1" visitedSequencePoints="0" numBranchPoints="0" visitedBranchPoints="0" sequenceCoverage="0" branchCoverage="100" maxCyclomaticComplexity="1" minCyclomaticComplexity="1" visitedClasses="0" numClasses="0" visitedMethods="0" numMethods="1" />
              <MetadataToken />
              <Name>System.String DisprzTraining.Models.Response::get_Message()</Name>
              <FileRef uid="4" />
              <SequencePoints>
                <SequencePoint vc="0" uspid="6" ordinal="0" sl="6" sc="1" el="6" ec="2" bec="0" bev="0" fileid="4" />
              </SequencePoints>
              <BranchPoints />
              <MethodPoint vc="0" uspid="0" p8:type="SequencePoint" ordinal="1" offset="1" sc="0" sl="6" ec="1" el="6" bec="0" bev="0" fileid="4" xmlns:p8="xsi" />
            </Method>
          </Methods>
        </Class>
        <Class>
          <Summary numSequencePoints="9" visitedSequencePoints="0" numBranchPoints="12" visitedBranchPoints="0" sequenceCoverage="0" branchCoverage="0" maxCyclomaticComplexity="12" minCyclomaticComplexity="12" visitedClasses="0" numClasses="1" visitedMethods="0" numMethods="1" />
          <FullName>DisprzTraining.Extensions.Extensions</FullName>
          <Methods>
            <Method cyclomaticComplexity="12" nPathComplexity="12" sequenceCoverage="0" branchCoverage="0" isConstructor="False" isGetter="False" isSetter="False" isStatic="True">
              <Summary numSequencePoints="9" visitedSequencePoints="0" numBranchPoints="12" visitedBranchPoints="0" sequenceCoverage="0" branchCoverage="0" maxCyclomaticComplexity="12" minCyclomaticComplexity="12" visitedClasses="0" numClasses="0" visitedMethods="0" numMethods="1" />
              <MetadataToken />
              <Name>System.String DisprzTraining.Extensions.Extensions::GetDescription(System.Enum)</Name>
              <FileRef uid="5" />
              <SequencePoints>
                <SequencePoint vc="0" uspid="11" ordinal="0" sl="11" sc="1" el="11" ec="2" bec="0" bev="0" fileid="5" />
                <SequencePoint vc="0" uspid="12" ordinal="1" sl="12" sc="1" el="12" ec="2" bec="8" bev="0" fileid="5" />
                <SequencePoint vc="0" uspid="13" ordinal="2" sl="13" sc="1" el="13" ec="2" bec="0" bev="0" fileid="5" />
                <SequencePoint vc="0" uspid="14" ordinal="3" sl="14" sc="1" el="14" ec="2" bec="0" bev="0" fileid="5" />
                <SequencePoint vc="0" uspid="15" ordinal="4" sl="15" sc="1" el="15" ec="2" bec="0" bev="0" fileid="5" />
                <SequencePoint vc="0" uspid="16" ordinal="5" sl="16" sc="1" el="16" ec="2" bec="0" bev="0" fileid="5" />
                <SequencePoint vc="0" uspid="17" ordinal="6" sl="17" sc="1" el="17" ec="2" bec="0" bev="0" fileid="5" />
                <SequencePoint vc="0" uspid="19" ordinal="7" sl="19" sc="1" el="19" ec="2" bec="4" bev="0" fileid="5" />
                <SequencePoint vc="0" uspid="20" ordinal="8" sl="20" sc="1" el="20" ec="2" bec="0" bev="0" fileid="5" />
              </SequencePoints>
              <BranchPoints>
                <BranchPoint vc="0" uspid="12" ordinal="0" path="0" offset="2" offsetend="4" sl="12" fileid="5" />
                <BranchPoint vc="0" uspid="12" ordinal="1" path="1" offset="2" offsetend="7" sl="12" fileid="5" />
                <BranchPoint vc="0" uspid="12" ordinal="2" path="0" offset="19" offsetend="21" sl="12" fileid="5" />
                <BranchPoint vc="0" uspid="12" ordinal="3" path="1" offset="19" offsetend="25" sl="12" fileid="5" />
                <BranchPoint vc="0" uspid="12" ordinal="4" path="0" offset="37" offsetend="39" sl="12" fileid="5" />
                <BranchPoint vc="0" uspid="12" ordinal="5" path="1" offset="37" offsetend="43" sl="12" fileid="5" />
                <BranchPoint vc="0" uspid="12" ordinal="6" path="0" offset="80" offsetend="82" sl="12" fileid="5" />
                <BranchPoint vc="0" uspid="12" ordinal="7" path="1" offset="80" offsetend="86" sl="12" fileid="5" />
                <BranchPoint vc="0" uspid="19" ordinal="8" path="0" offset="114" offsetend="116" sl="19" fileid="5" />
                <BranchPoint vc="0" uspid="19" ordinal="9" path="1" offset="114" offsetend="119" sl="19" fileid="5" />
                <BranchPoint vc="0" uspid="19" ordinal="10" path="0" offset="126" offsetend="128" sl="19" fileid="5" />
                <BranchPoint vc="0" uspid="19" ordinal="11" path="1" offset="126" offsetend="135" sl="19" fileid="5" />
              </BranchPoints>
              <MethodPoint vc="0" uspid="0" p8:type="SequencePoint" ordinal="0" offset="0" sc="0" sl="11" ec="1" el="20" bec="0" bev="0" fileid="5" xmlns:p8="xsi" />
            </Method>
          </Methods>
        </Class>
        <Class>
          <Summary numSequencePoints="55" visitedSequencePoints="0" numBranchPoints="0" visitedBranchPoints="0" sequenceCoverage="0" branchCoverage="100" maxCyclomaticComplexity="1" minCyclomaticComplexity="1" visitedClasses="0" numClasses="1" visitedMethods="0" numMethods="1" />
          <FullName>DisprzTraining.Data.EventData</FullName>
          <Methods>
            <Method cyclomaticComplexity="1" nPathComplexity="1" sequenceCoverage="0" branchCoverage="100" isConstructor="True" isGetter="False" isSetter="False" isStatic="True">
              <Summary numSequencePoints="55" visitedSequencePoints="0" numBranchPoints="0" visitedBranchPoints="0" sequenceCoverage="0" branchCoverage="100" maxCyclomaticComplexity="1" minCyclomaticComplexity="1" visitedClasses="0" numClasses="0" visitedMethods="0" numMethods="1" />
              <MetadataToken />
              <Name>System.Void DisprzTraining.Data.EventData::.cctor()</Name>
              <FileRef uid="6" />
              <SequencePoints>
                <SequencePoint vc="0" uspid="12" ordinal="0" sl="12" sc="1" el="12" ec="2" bec="0" bev="0" fileid="6" />
                <SequencePoint vc="0" uspid="13" ordinal="1" sl="13" sc="1" el="13" ec="2" bec="0" bev="0" fileid="6" />
                <SequencePoint vc="0" uspid="14" ordinal="2" sl="14" sc="1" el="14" ec="2" bec="0" bev="0" fileid="6" />
                <SequencePoint vc="0" uspid="15" ordinal="3" sl="15" sc="1" el="15" ec="2" bec="0" bev="0" fileid="6" />
                <SequencePoint vc="0" uspid="16" ordinal="4" sl="16" sc="1" el="16" ec="2" bec="0" bev="0" fileid="6" />
                <SequencePoint vc="0" uspid="17" ordinal="5" sl="17" sc="1" el="17" ec="2" bec="0" bev="0" fileid="6" />
                <SequencePoint vc="0" uspid="18" ordinal="6" sl="18" sc="1" el="18" ec="2" bec="0" bev="0" fileid="6" />
                <SequencePoint vc="0" uspid="19" ordinal="7" sl="19" sc="1" el="19" ec="2" bec="0" bev="0" fileid="6" />
                <SequencePoint vc="0" uspid="20" ordinal="8" sl="20" sc="1" el="20" ec="2" bec="0" bev="0" fileid="6" />
                <SequencePoint vc="0" uspid="21" ordinal="9" sl="21" sc="1" el="21" ec="2" bec="0" bev="0" fileid="6" />
                <SequencePoint vc="0" uspid="22" ordinal="10" sl="22" sc="1" el="22" ec="2" bec="0" bev="0" fileid="6" />
                <SequencePoint vc="0" uspid="23" ordinal="11" sl="23" sc="1" el="23" ec="2" bec="0" bev="0" fileid="6" />
                <SequencePoint vc="0" uspid="24" ordinal="12" sl="24" sc="1" el="24" ec="2" bec="0" bev="0" fileid="6" />
                <SequencePoint vc="0" uspid="25" ordinal="13" sl="25" sc="1" el="25" ec="2" bec="0" bev="0" fileid="6" />
                <SequencePoint vc="0" uspid="26" ordinal="14" sl="26" sc="1" el="26" ec="2" bec="0" bev="0" fileid="6" />
                <SequencePoint vc="0" uspid="27" ordinal="15" sl="27" sc="1" el="27" ec="2" bec="0" bev="0" fileid="6" />
                <SequencePoint vc="0" uspid="28" ordinal="16" sl="28" sc="1" el="28" ec="2" bec="0" bev="0" fileid="6" />
                <SequencePoint vc="0" uspid="29" ordinal="17" sl="29" sc="1" el="29" ec="2" bec="0" bev="0" fileid="6" />
                <SequencePoint vc="0" uspid="30" ordinal="18" sl="30" sc="1" el="30" ec="2" bec="0" bev="0" fileid="6" />
                <SequencePoint vc="0" uspid="31" ordinal="19" sl="31" sc="1" el="31" ec="2" bec="0" bev="0" fileid="6" />
                <SequencePoint vc="0" uspid="32" ordinal="20" sl="32" sc="1" el="32" ec="2" bec="0" bev="0" fileid="6" />
                <SequencePoint vc="0" uspid="33" ordinal="21" sl="33" sc="1" el="33" ec="2" bec="0" bev="0" fileid="6" />
                <SequencePoint vc="0" uspid="34" ordinal="22" sl="34" sc="1" el="34" ec="2" bec="0" bev="0" fileid="6" />
                <SequencePoint vc="0" uspid="35" ordinal="23" sl="35" sc="1" el="35" ec="2" bec="0" bev="0" fileid="6" />
                <SequencePoint vc="0" uspid="36" ordinal="24" sl="36" sc="1" el="36" ec="2" bec="0" bev="0" fileid="6" />
                <SequencePoint vc="0" uspid="37" ordinal="25" sl="37" sc="1" el="37" ec="2" bec="0" bev="0" fileid="6" />
                <SequencePoint vc="0" uspid="38" ordinal="26" sl="38" sc="1" el="38" ec="2" bec="0" bev="0" fileid="6" />
                <SequencePoint vc="0" uspid="39" ordinal="27" sl="39" sc="1" el="39" ec="2" bec="0" bev="0" fileid="6" />
                <SequencePoint vc="0" uspid="40" ordinal="28" sl="40" sc="1" el="40" ec="2" bec="0" bev="0" fileid="6" />
                <SequencePoint vc="0" uspid="41" ordinal="29" sl="41" sc="1" el="41" ec="2" bec="0" bev="0" fileid="6" />
                <SequencePoint vc="0" uspid="42" ordinal="30" sl="42" sc="1" el="42" ec="2" bec="0" bev="0" fileid="6" />
                <SequencePoint vc="0" uspid="43" ordinal="31" sl="43" sc="1" el="43" ec="2" bec="0" bev="0" fileid="6" />
                <SequencePoint vc="0" uspid="44" ordinal="32" sl="44" sc="1" el="44" ec="2" bec="0" bev="0" fileid="6" />
                <SequencePoint vc="0" uspid="45" ordinal="33" sl="45" sc="1" el="45" ec="2" bec="0" bev="0" fileid="6" />
                <SequencePoint vc="0" uspid="46" ordinal="34" sl="46" sc="1" el="46" ec="2" bec="0" bev="0" fileid="6" />
                <SequencePoint vc="0" uspid="47" ordinal="35" sl="47" sc="1" el="47" ec="2" bec="0" bev="0" fileid="6" />
                <SequencePoint vc="0" uspid="48" ordinal="36" sl="48" sc="1" el="48" ec="2" bec="0" bev="0" fileid="6" />
                <SequencePoint vc="0" uspid="49" ordinal="37" sl="49" sc="1" el="49" ec="2" bec="0" bev="0" fileid="6" />
                <SequencePoint vc="0" uspid="50" ordinal="38" sl="50" sc="1" el="50" ec="2" bec="0" bev="0" fileid="6" />
                <SequencePoint vc="0" uspid="51" ordinal="39" sl="51" sc="1" el="51" ec="2" bec="0" bev="0" fileid="6" />
                <SequencePoint vc="0" uspid="52" ordinal="40" sl="52" sc="1" el="52" ec="2" bec="0" bev="0" fileid="6" />
                <SequencePoint vc="0" uspid="53" ordinal="41" sl="53" sc="1" el="53" ec="2" bec="0" bev="0" fileid="6" />
                <SequencePoint vc="0" uspid="54" ordinal="42" sl="54" sc="1" el="54" ec="2" bec="0" bev="0" fileid="6" />
                <SequencePoint vc="0" uspid="55" ordinal="43" sl="55" sc="1" el="55" ec="2" bec="0" bev="0" fileid="6" />
                <SequencePoint vc="0" uspid="56" ordinal="44" sl="56" sc="1" el="56" ec="2" bec="0" bev="0" fileid="6" />
                <SequencePoint vc="0" uspid="57" ordinal="45" sl="57" sc="1" el="57" ec="2" bec="0" bev="0" fileid="6" />
                <SequencePoint vc="0" uspid="58" ordinal="46" sl="58" sc="1" el="58" ec="2" bec="0" bev="0" fileid="6" />
                <SequencePoint vc="0" uspid="59" ordinal="47" sl="59" sc="1" el="59" ec="2" bec="0" bev="0" fileid="6" />
                <SequencePoint vc="0" uspid="60" ordinal="48" sl="60" sc="1" el="60" ec="2" bec="0" bev="0" fileid="6" />
                <SequencePoint vc="0" uspid="61" ordinal="49" sl="61" sc="1" el="61" ec="2" bec="0" bev="0" fileid="6" />
                <SequencePoint vc="0" uspid="62" ordinal="50" sl="62" sc="1" el="62" ec="2" bec="0" bev="0" fileid="6" />
                <SequencePoint vc="0" uspid="63" ordinal="51" sl="63" sc="1" el="63" ec="2" bec="0" bev="0" fileid="6" />
                <SequencePoint vc="0" uspid="64" ordinal="52" sl="64" sc="1" el="64" ec="2" bec="0" bev="0" fileid="6" />
                <SequencePoint vc="0" uspid="65" ordinal="53" sl="65" sc="1" el="65" ec="2" bec="0" bev="0" fileid="6" />
                <SequencePoint vc="0" uspid="66" ordinal="54" sl="66" sc="1" el="66" ec="2" bec="0" bev="0" fileid="6" />
              </SequencePoints>
              <BranchPoints />
              <MethodPoint vc="0" uspid="0" p8:type="SequencePoint" ordinal="0" offset="0" sc="0" sl="12" ec="1" el="66" bec="0" bev="0" fileid="6" xmlns:p8="xsi" />
            </Method>
          </Methods>
        </Class>
        <Class>
          <Summary numSequencePoints="121" visitedSequencePoints="0" numBranchPoints="52" visitedBranchPoints="0" sequenceCoverage="0" branchCoverage="0" maxCyclomaticComplexity="14" minCyclomaticComplexity="1" visitedClasses="0" numClasses="1" visitedMethods="0" numMethods="9" />
          <FullName>DisprzTraining.DataAccess.AppointmentDAL</FullName>
          <Methods>
            <Method cyclomaticComplexity="14" nPathComplexity="14" sequenceCoverage="0" branchCoverage="0" isConstructor="False" isGetter="False" isSetter="False" isStatic="True">
              <Summary numSequencePoints="19" visitedSequencePoints="0" numBranchPoints="14" visitedBranchPoints="0" sequenceCoverage="0" branchCoverage="0" maxCyclomaticComplexity="14" minCyclomaticComplexity="14" visitedClasses="0" numClasses="0" visitedMethods="0" numMethods="1" />
              <MetadataToken />
              <Name>System.Boolean DisprzTraining.DataAccess.AppointmentDAL::CreateAppointment(System.String,DisprzTraining.Models.Appointment)</Name>
              <FileRef uid="7" />
              <SequencePoints>
                <SequencePoint vc="0" uspid="13" ordinal="0" sl="13" sc="1" el="13" ec="2" bec="0" bev="0" fileid="7" />
                <SequencePoint vc="0" uspid="14" ordinal="1" sl="14" sc="1" el="14" ec="2" bec="0" bev="0" fileid="7" />
                <SequencePoint vc="0" uspid="15" ordinal="2" sl="15" sc="1" el="15" ec="2" bec="2" bev="0" fileid="7" />
                <SequencePoint vc="0" uspid="16" ordinal="3" sl="16" sc="1" el="16" ec="2" bec="0" bev="0" fileid="7" />
                <SequencePoint vc="0" uspid="17" ordinal="4" sl="17" sc="1" el="17" ec="2" bec="0" bev="0" fileid="7" />
                <SequencePoint vc="0" uspid="18" ordinal="5" sl="18" sc="1" el="18" ec="2" bec="0" bev="0" fileid="7" />
                <SequencePoint vc="0" uspid="19" ordinal="6" sl="19" sc="1" el="19" ec="2" bec="6" bev="0" fileid="7" />
                <SequencePoint vc="0" uspid="20" ordinal="7" sl="20" sc="1" el="20" ec="2" bec="0" bev="0" fileid="7" />
                <SequencePoint vc="0" uspid="21" ordinal="8" sl="21" sc="1" el="21" ec="2" bec="0" bev="0" fileid="7" />
                <SequencePoint vc="0" uspid="23" ordinal="9" sl="23" sc="1" el="23" ec="2" bec="0" bev="0" fileid="7" />
                <SequencePoint vc="0" uspid="24" ordinal="10" sl="24" sc="1" el="24" ec="2" bec="0" bev="0" fileid="7" />
                <SequencePoint vc="0" uspid="25" ordinal="11" sl="25" sc="1" el="25" ec="2" bec="0" bev="0" fileid="7" />
                <SequencePoint vc="0" uspid="26" ordinal="12" sl="26" sc="1" el="26" ec="2" bec="0" bev="0" fileid="7" />
                <SequencePoint vc="0" uspid="27" ordinal="13" sl="27" sc="1" el="27" ec="2" bec="6" bev="0" fileid="7" />
                <SequencePoint vc="0" uspid="28" ordinal="14" sl="28" sc="1" el="28" ec="2" bec="0" bev="0" fileid="7" />
                <SequencePoint vc="0" uspid="29" ordinal="15" sl="29" sc="1" el="29" ec="2" bec="0" bev="0" fileid="7" />
                <SequencePoint vc="0" uspid="30" ordinal="16" sl="30" sc="1" el="30" ec="2" bec="0" bev="0" fileid="7" />
                <SequencePoint vc="0" uspid="31" ordinal="17" sl="31" sc="1" el="31" ec="2" bec="0" bev="0" fileid="7" />
                <SequencePoint vc="0" uspid="32" ordinal="18" sl="32" sc="1" el="32" ec="2" bec="0" bev="0" fileid="7" />
              </SequencePoints>
              <BranchPoints>
                <BranchPoint vc="0" uspid="15" ordinal="0" path="0" offset="20" offsetend="25" sl="15" fileid="7" />
                <BranchPoint vc="0" uspid="19" ordinal="2" path="0" offset="109" offsetend="111" sl="19" fileid="7" />
                <BranchPoint vc="0" uspid="19" ordinal="3" path="1" offset="109" offsetend="114" sl="19" fileid="7" />
                <BranchPoint vc="0" uspid="19" ordinal="4" path="0" offset="121" offsetend="123" sl="19" fileid="7" />
                <BranchPoint vc="0" uspid="19" ordinal="5" path="1" offset="121" offsetend="136" sl="19" fileid="7" />
                <BranchPoint vc="0" uspid="19" ordinal="6" path="0" offset="171" offsetend="173" sl="19" fileid="7" />
                <BranchPoint vc="0" uspid="19" ordinal="7" path="1" offset="171" offsetend="189" sl="19" fileid="7" />
                <BranchPoint vc="0" uspid="15" ordinal="1" path="1" offset="20" offsetend="192" sl="15" fileid="7" />
                <BranchPoint vc="0" uspid="27" ordinal="8" path="0" offset="215" offsetend="217" sl="27" fileid="7" />
                <BranchPoint vc="0" uspid="27" ordinal="9" path="1" offset="215" offsetend="220" sl="27" fileid="7" />
                <BranchPoint vc="0" uspid="27" ordinal="10" path="0" offset="227" offsetend="229" sl="27" fileid="7" />
                <BranchPoint vc="0" uspid="27" ordinal="11" path="1" offset="227" offsetend="242" sl="27" fileid="7" />
                <BranchPoint vc="0" uspid="27" ordinal="12" path="0" offset="279" offsetend="281" sl="27" fileid="7" />
                <BranchPoint vc="0" uspid="27" ordinal="13" path="1" offset="279" offsetend="297" sl="27" fileid="7" />
              </BranchPoints>
              <MethodPoint vc="0" uspid="0" p8:type="SequencePoint" ordinal="0" offset="0" sc="0" sl="13" ec="1" el="32" bec="0" bev="0" fileid="7" xmlns:p8="xsi" />
            </Method>
            <Method cyclomaticComplexity="2" nPathComplexity="2" sequenceCoverage="0" branchCoverage="0" isConstructor="False" isGetter="False" isSetter="False" isStatic="True">
              <Summary numSequencePoints="6" visitedSequencePoints="0" numBranchPoints="2" visitedBranchPoints="0" sequenceCoverage="0" branchCoverage="0" maxCyclomaticComplexity="2" minCyclomaticComplexity="2" visitedClasses="0" numClasses="0" visitedMethods="0" numMethods="1" />
              <MetadataToken />
              <Name>System.Collections.Generic.List`1&lt;DisprzTraining.Models.Appointment&gt; DisprzTraining.DataAccess.AppointmentDAL::GetAppointments(System.String)</Name>
              <FileRef uid="7" />
              <SequencePoints>
                <SequencePoint vc="0" uspid="35" ordinal="0" sl="35" sc="1" el="35" ec="2" bec="0" bev="0" fileid="7" />
                <SequencePoint vc="0" uspid="36" ordinal="1" sl="36" sc="1" el="36" ec="2" bec="2" bev="0" fileid="7" />
                <SequencePoint vc="0" uspid="37" ordinal="2" sl="37" sc="1" el="37" ec="2" bec="0" bev="0" fileid="7" />
                <SequencePoint vc="0" uspid="38" ordinal="3" sl="38" sc="1" el="38" ec="2" bec="0" bev="0" fileid="7" />
                <SequencePoint vc="0" uspid="39" ordinal="4" sl="39" sc="1" el="39" ec="2" bec="0" bev="0" fileid="7" />
                <SequencePoint vc="0" uspid="41" ordinal="5" sl="41" sc="1" el="41" ec="2" bec="0" bev="0" fileid="7" />
              </SequencePoints>
              <BranchPoints>
                <BranchPoint vc="0" uspid="36" ordinal="0" path="0" offset="14" offsetend="16" sl="36" fileid="7" />
                <BranchPoint vc="0" uspid="36" ordinal="1" path="1" offset="14" offsetend="31" sl="36" fileid="7" />
              </BranchPoints>
              <MethodPoint vc="0" uspid="0" p8:type="SequencePoint" ordinal="1" offset="1" sc="0" sl="35" ec="1" el="41" bec="0" bev="0" fileid="7" xmlns:p8="xsi" />
            </Method>
            <Method cyclomaticComplexity="10" nPathComplexity="10" sequenceCoverage="0" branchCoverage="0" isConstructor="False" isGetter="False" isSetter="False" isStatic="True">
              <Summary numSequencePoints="22" visitedSequencePoints="0" numBranchPoints="10" visitedBranchPoints="0" sequenceCoverage="0" branchCoverage="0" maxCyclomaticComplexity="10" minCyclomaticComplexity="10" visitedClasses="0" numClasses="0" visitedMethods="0" numMethods="1" />
              <MetadataToken />
              <Name>System.Boolean DisprzTraining.DataAccess.AppointmentDAL::DeleteAppointment(System.String,System.DateTime)</Name>
              <FileRef uid="7" />
              <SequencePoints>
                <SequencePoint vc="0" uspid="44" ordinal="0" sl="44" sc="1" el="44" ec="2" bec="0" bev="0" fileid="7" />
                <SequencePoint vc="0" uspid="45" ordinal="1" sl="45" sc="1" el="45" ec="2" bec="2" bev="0" fileid="7" />
                <SequencePoint vc="0" uspid="46" ordinal="2" sl="46" sc="1" el="46" ec="2" bec="0" bev="0" fileid="7" />
                <SequencePoint vc="0" uspid="47" ordinal="3" sl="47" sc="1" el="47" ec="2" bec="0" bev="0" fileid="7" />
                <SequencePoint vc="0" uspid="48" ordinal="4" sl="48" sc="1" el="48" ec="2" bec="2" bev="0" fileid="7" />
                <SequencePoint vc="0" uspid="49" ordinal="5" sl="49" sc="1" el="49" ec="2" bec="0" bev="0" fileid="7" />
                <SequencePoint vc="0" uspid="50" ordinal="6" sl="50" sc="1" el="50" ec="2" bec="2" bev="0" fileid="7" />
                <SequencePoint vc="0" uspid="51" ordinal="7" sl="51" sc="1" el="51" ec="2" bec="0" bev="0" fileid="7" />
                <SequencePoint vc="0" uspid="52" ordinal="8" sl="52" sc="1" el="52" ec="2" bec="2" bev="0" fileid="7" />
                <SequencePoint vc="0" uspid="53" ordinal="9" sl="53" sc="1" el="53" ec="2" bec="0" bev="0" fileid="7" />
                <SequencePoint vc="0" uspid="54" ordinal="10" sl="54" sc="1" el="54" ec="2" bec="0" bev="0" fileid="7" />
                <SequencePoint vc="0" uspid="55" ordinal="11" sl="55" sc="1" el="55" ec="2" bec="0" bev="0" fileid="7" />
                <SequencePoint vc="0" uspid="57" ordinal="12" sl="57" sc="1" el="57" ec="2" bec="2" bev="0" fileid="7" />
                <SequencePoint vc="0" uspid="58" ordinal="13" sl="58" sc="1" el="58" ec="2" bec="0" bev="0" fileid="7" />
                <SequencePoint vc="0" uspid="59" ordinal="14" sl="59" sc="1" el="59" ec="2" bec="0" bev="0" fileid="7" />
                <SequencePoint vc="0" uspid="60" ordinal="15" sl="60" sc="1" el="60" ec="2" bec="0" bev="0" fileid="7" />
                <SequencePoint vc="0" uspid="61" ordinal="16" sl="61" sc="1" el="61" ec="2" bec="0" bev="0" fileid="7" />
                <SequencePoint vc="0" uspid="62" ordinal="17" sl="62" sc="1" el="62" ec="2" bec="0" bev="0" fileid="7" />
                <SequencePoint vc="0" uspid="63" ordinal="18" sl="63" sc="1" el="63" ec="2" bec="0" bev="0" fileid="7" />
                <SequencePoint vc="0" uspid="64" ordinal="19" sl="64" sc="1" el="64" ec="2" bec="0" bev="0" fileid="7" />
                <SequencePoint vc="0" uspid="66" ordinal="20" sl="66" sc="1" el="66" ec="2" bec="0" bev="0" fileid="7" />
                <SequencePoint vc="0" uspid="68" ordinal="21" sl="68" sc="1" el="68" ec="2" bec="0" bev="0" fileid="7" />
              </SequencePoints>
              <BranchPoints>
                <BranchPoint vc="0" uspid="45" ordinal="0" path="0" offset="14" offsetend="19" sl="45" fileid="7" />
                <BranchPoint vc="0" uspid="48" ordinal="9" path="1" offset="217" offsetend="44" sl="48" fileid="7" />
                <BranchPoint vc="0" uspid="50" ordinal="2" path="0" offset="83" offsetend="85" sl="50" fileid="7" />
                <BranchPoint vc="0" uspid="52" ordinal="4" path="0" offset="143" offsetend="145" sl="52" fileid="7" />
                <BranchPoint vc="0" uspid="52" ordinal="5" path="1" offset="143" offsetend="159" sl="52" fileid="7" />
                <BranchPoint vc="0" uspid="50" ordinal="3" path="1" offset="83" offsetend="164" sl="50" fileid="7" />
                <BranchPoint vc="0" uspid="57" ordinal="6" path="0" offset="196" offsetend="198" sl="57" fileid="7" />
                <BranchPoint vc="0" uspid="57" ordinal="7" path="1" offset="196" offsetend="204" sl="57" fileid="7" />
                <BranchPoint vc="0" uspid="48" ordinal="8" path="0" offset="217" offsetend="222" sl="48" fileid="7" />
                <BranchPoint vc="0" uspid="45" ordinal="1" path="1" offset="14" offsetend="223" sl="45" fileid="7" />
              </BranchPoints>
              <MethodPoint vc="0" uspid="0" p8:type="SequencePoint" ordinal="2" offset="2" sc="0" sl="44" ec="1" el="68" bec="0" bev="0" fileid="7" xmlns:p8="xsi" />
            </Method>
            <Method cyclomaticComplexity="14" nPathComplexity="14" sequenceCoverage="0" branchCoverage="0" isConstructor="False" isGetter="False" isSetter="False" isStatic="True">
              <Summary numSequencePoints="25" visitedSequencePoints="0" numBranchPoints="14" visitedBranchPoints="0" sequenceCoverage="0" branchCoverage="0" maxCyclomaticComplexity="14" minCyclomaticComplexity="14" visitedClasses="0" numClasses="0" visitedMethods="0" numMethods="1" />
              <MetadataToken />
              <Name>System.Boolean DisprzTraining.DataAccess.AppointmentDAL::UpdateAppointment(System.String,DisprzTraining.Models.Appointment)</Name>
              <FileRef uid="7" />
              <SequencePoints>
                <SequencePoint vc="0" uspid="71" ordinal="0" sl="71" sc="1" el="71" ec="2" bec="0" bev="0" fileid="7" />
                <SequencePoint vc="0" uspid="72" ordinal="1" sl="72" sc="1" el="72" ec="2" bec="0" bev="0" fileid="7" />
                <SequencePoint vc="0" uspid="73" ordinal="2" sl="73" sc="1" el="73" ec="2" bec="0" bev="0" fileid="7" />
                <SequencePoint vc="0" uspid="74" ordinal="3" sl="74" sc="1" el="74" ec="2" bec="2" bev="0" fileid="7" />
                <SequencePoint vc="0" uspid="75" ordinal="4" sl="75" sc="1" el="75" ec="2" bec="0" bev="0" fileid="7" />
                <SequencePoint vc="0" uspid="76" ordinal="5" sl="76" sc="1" el="76" ec="2" bec="2" bev="0" fileid="7" />
                <SequencePoint vc="0" uspid="77" ordinal="6" sl="77" sc="1" el="77" ec="2" bec="4" bev="0" fileid="7" />
                <SequencePoint vc="0" uspid="78" ordinal="7" sl="78" sc="1" el="78" ec="2" bec="0" bev="0" fileid="7" />
                <SequencePoint vc="0" uspid="79" ordinal="8" sl="79" sc="1" el="79" ec="2" bec="0" bev="0" fileid="7" />
                <SequencePoint vc="0" uspid="80" ordinal="9" sl="80" sc="1" el="80" ec="2" bec="0" bev="0" fileid="7" />
                <SequencePoint vc="0" uspid="81" ordinal="10" sl="81" sc="1" el="81" ec="2" bec="0" bev="0" fileid="7" />
                <SequencePoint vc="0" uspid="82" ordinal="11" sl="82" sc="1" el="82" ec="2" bec="0" bev="0" fileid="7" />
                <SequencePoint vc="0" uspid="83" ordinal="12" sl="83" sc="1" el="83" ec="2" bec="0" bev="0" fileid="7" />
                <SequencePoint vc="0" uspid="84" ordinal="13" sl="84" sc="1" el="84" ec="2" bec="0" bev="0" fileid="7" />
                <SequencePoint vc="0" uspid="86" ordinal="14" sl="86" sc="1" el="86" ec="2" bec="4" bev="0" fileid="7" />
                <SequencePoint vc="0" uspid="87" ordinal="15" sl="87" sc="1" el="87" ec="2" bec="0" bev="0" fileid="7" />
                <SequencePoint vc="0" uspid="88" ordinal="16" sl="88" sc="1" el="88" ec="2" bec="2" bev="0" fileid="7" />
                <SequencePoint vc="0" uspid="89" ordinal="17" sl="89" sc="1" el="89" ec="2" bec="0" bev="0" fileid="7" />
                <SequencePoint vc="0" uspid="90" ordinal="18" sl="90" sc="1" el="90" ec="2" bec="0" bev="0" fileid="7" />
                <SequencePoint vc="0" uspid="91" ordinal="19" sl="91" sc="1" el="91" ec="2" bec="0" bev="0" fileid="7" />
                <SequencePoint vc="0" uspid="92" ordinal="20" sl="92" sc="1" el="92" ec="2" bec="0" bev="0" fileid="7" />
                <SequencePoint vc="0" uspid="94" ordinal="21" sl="94" sc="1" el="94" ec="2" bec="0" bev="0" fileid="7" />
                <SequencePoint vc="0" uspid="95" ordinal="22" sl="95" sc="1" el="95" ec="2" bec="0" bev="0" fileid="7" />
                <SequencePoint vc="0" uspid="96" ordinal="23" sl="96" sc="1" el="96" ec="2" bec="0" bev="0" fileid="7" />
                <SequencePoint vc="0" uspid="97" ordinal="24" sl="97" sc="1" el="97" ec="2" bec="0" bev="0" fileid="7" />
              </SequencePoints>
              <BranchPoints>
                <BranchPoint vc="0" uspid="74" ordinal="0" path="0" offset="34" offsetend="39" sl="74" fileid="7" />
                <BranchPoint vc="0" uspid="76" ordinal="13" path="1" offset="382" offsetend="70" sl="76" fileid="7" />
                <BranchPoint vc="0" uspid="77" ordinal="2" path="0" offset="98" offsetend="100" sl="77" fileid="7" />
                <BranchPoint vc="0" uspid="77" ordinal="3" path="1" offset="98" offsetend="109" sl="77" fileid="7" />
                <BranchPoint vc="0" uspid="77" ordinal="4" path="0" offset="114" offsetend="119" sl="77" fileid="7" />
                <BranchPoint vc="0" uspid="77" ordinal="5" path="1" offset="114" offsetend="262" sl="77" fileid="7" />
                <BranchPoint vc="0" uspid="86" ordinal="6" path="0" offset="280" offsetend="282" sl="86" fileid="7" />
                <BranchPoint vc="0" uspid="86" ordinal="7" path="1" offset="280" offsetend="294" sl="86" fileid="7" />
                <BranchPoint vc="0" uspid="86" ordinal="8" path="0" offset="299" offsetend="301" sl="86" fileid="7" />
                <BranchPoint vc="0" uspid="88" ordinal="10" path="0" offset="344" offsetend="346" sl="88" fileid="7" />
                <BranchPoint vc="0" uspid="88" ordinal="11" path="1" offset="344" offsetend="360" sl="88" fileid="7" />
                <BranchPoint vc="0" uspid="86" ordinal="9" path="1" offset="299" offsetend="374" sl="86" fileid="7" />
                <BranchPoint vc="0" uspid="76" ordinal="12" path="0" offset="382" offsetend="387" sl="76" fileid="7" />
                <BranchPoint vc="0" uspid="74" ordinal="1" path="1" offset="34" offsetend="405" sl="74" fileid="7" />
              </BranchPoints>
              <MethodPoint vc="0" uspid="0" p8:type="SequencePoint" ordinal="3" offset="3" sc="0" sl="71" ec="1" el="97" bec="0" bev="0" fileid="7" xmlns:p8="xsi" />
            </Method>
            <Method cyclomaticComplexity="1" nPathComplexity="1" sequenceCoverage="0" branchCoverage="100" isConstructor="False" isGetter="False" isSetter="False" isStatic="True">
              <Summary numSequencePoints="3" visitedSequencePoints="0" numBranchPoints="0" visitedBranchPoints="0" sequenceCoverage="0" branchCoverage="100" maxCyclomaticComplexity="1" minCyclomaticComplexity="1" visitedClasses="0" numClasses="0" visitedMethods="0" numMethods="1" />
              <MetadataToken />
              <Name>System.Collections.Generic.List`1&lt;System.String&gt; DisprzTraining.DataAccess.AppointmentDAL::HolidayData(System.String)</Name>
              <FileRef uid="7" />
              <SequencePoints>
                <SequencePoint vc="0" uspid="99" ordinal="0" sl="99" sc="1" el="99" ec="2" bec="0" bev="0" fileid="7" />
                <SequencePoint vc="0" uspid="100" ordinal="1" sl="100" sc="1" el="100" ec="2" bec="0" bev="0" fileid="7" />
                <SequencePoint vc="0" uspid="101" ordinal="2" sl="101" sc="1" el="101" ec="2" bec="0" bev="0" fileid="7" />
              </SequencePoints>
              <BranchPoints />
              <MethodPoint vc="0" uspid="0" p8:type="SequencePoint" ordinal="4" offset="4" sc="0" sl="99" ec="1" el="101" bec="0" bev="0" fileid="7" xmlns:p8="xsi" />
            </Method>
            <Method cyclomaticComplexity="6" nPathComplexity="6" sequenceCoverage="0" branchCoverage="0" isConstructor="False" isGetter="False" isSetter="False" isStatic="True">
              <Summary numSequencePoints="14" visitedSequencePoints="0" numBranchPoints="6" visitedBranchPoints="0" sequenceCoverage="0" branchCoverage="0" maxCyclomaticComplexity="6" minCyclomaticComplexity="6" visitedClasses="0" numClasses="0" visitedMethods="0" numMethods="1" />
              <MetadataToken />
              <Name>System.Collections.Generic.List`1&lt;DisprzTraining.Models.Appointment&gt; DisprzTraining.DataAccess.AppointmentDAL::SearchEvents(System.String,System.String)</Name>
              <FileRef uid="7" />
              <SequencePoints>
                <SequencePoint vc="0" uspid="103" ordinal="0" sl="103" sc="1" el="103" ec="2" bec="0" bev="0" fileid="7" />
                <SequencePoint vc="0" uspid="104" ordinal="1" sl="104" sc="1" el="104" ec="2" bec="0" bev="0" fileid="7" />
                <SequencePoint vc="0" uspid="105" ordinal="2" sl="105" sc="1" el="105" ec="2" bec="2" bev="0" fileid="7" />
                <SequencePoint vc="0" uspid="106" ordinal="3" sl="106" sc="1" el="106" ec="2" bec="0" bev="0" fileid="7" />
                <SequencePoint vc="0" uspid="108" ordinal="4" sl="108" sc="1" el="108" ec="2" bec="2" bev="0" fileid="7" />
                <SequencePoint vc="0" uspid="109" ordinal="5" sl="109" sc="1" el="109" ec="2" bec="0" bev="0" fileid="7" />
                <SequencePoint vc="0" uspid="110" ordinal="6" sl="110" sc="1" el="110" ec="2" bec="0" bev="0" fileid="7" />
                <SequencePoint vc="0" uspid="111" ordinal="7" sl="111" sc="1" el="111" ec="2" bec="0" bev="0" fileid="7" />
                <SequencePoint vc="0" uspid="112" ordinal="8" sl="112" sc="1" el="112" ec="2" bec="2" bev="0" fileid="7" />
                <SequencePoint vc="0" uspid="113" ordinal="9" sl="113" sc="1" el="113" ec="2" bec="0" bev="0" fileid="7" />
                <SequencePoint vc="0" uspid="114" ordinal="10" sl="114" sc="1" el="114" ec="2" bec="0" bev="0" fileid="7" />
                <SequencePoint vc="0" uspid="115" ordinal="11" sl="115" sc="1" el="115" ec="2" bec="0" bev="0" fileid="7" />
                <SequencePoint vc="0" uspid="116" ordinal="12" sl="116" sc="1" el="116" ec="2" bec="0" bev="0" fileid="7" />
                <SequencePoint vc="0" uspid="117" ordinal="13" sl="117" sc="1" el="117" ec="2" bec="0" bev="0" fileid="7" />
              </SequencePoints>
              <BranchPoints>
                <BranchPoint vc="0" uspid="105" ordinal="0" path="0" offset="33" offsetend="35" sl="105" fileid="7" />
                <BranchPoint vc="0" uspid="105" ordinal="1" path="1" offset="33" offsetend="54" sl="105" fileid="7" />
                <BranchPoint vc="0" uspid="108" ordinal="2" path="0" offset="69" offsetend="74" sl="108" fileid="7" />
                <BranchPoint vc="0" uspid="112" ordinal="5" path="1" offset="210" offsetend="183" sl="112" fileid="7" />
                <BranchPoint vc="0" uspid="112" ordinal="4" path="0" offset="210" offsetend="212" sl="112" fileid="7" />
                <BranchPoint vc="0" uspid="108" ordinal="3" path="1" offset="69" offsetend="228" sl="108" fileid="7" />
              </BranchPoints>
              <MethodPoint vc="0" uspid="0" p8:type="SequencePoint" ordinal="5" offset="5" sc="0" sl="103" ec="1" el="117" bec="0" bev="0" fileid="7" xmlns:p8="xsi" />
            </Method>
            <Method cyclomaticComplexity="2" nPathComplexity="2" sequenceCoverage="0" branchCoverage="0" isConstructor="False" isGetter="False" isSetter="False" isStatic="True">
              <Summary numSequencePoints="10" visitedSequencePoints="0" numBranchPoints="2" visitedBranchPoints="0" sequenceCoverage="0" branchCoverage="0" maxCyclomaticComplexity="2" minCyclomaticComplexity="2" visitedClasses="0" numClasses="0" visitedMethods="0" numMethods="1" />
              <MetadataToken />
              <Name>System.Collections.Generic.List`1&lt;DisprzTraining.Models.Appointment&gt; DisprzTraining.DataAccess.AppointmentDAL::EventsTimeRange(System.DateTime)</Name>
              <FileRef uid="7" />
              <SequencePoints>
                <SequencePoint vc="0" uspid="118" ordinal="0" sl="118" sc="1" el="118" ec="2" bec="0" bev="0" fileid="7" />
                <SequencePoint vc="0" uspid="119" ordinal="1" sl="119" sc="1" el="119" ec="2" bec="0" bev="0" fileid="7" />
                <SequencePoint vc="0" uspid="120" ordinal="2" sl="120" sc="1" el="120" ec="2" bec="0" bev="0" fileid="7" />
                <SequencePoint vc="0" uspid="121" ordinal="3" sl="121" sc="1" el="121" ec="2" bec="0" bev="0" fileid="7" />
                <SequencePoint vc="0" uspid="122" ordinal="4" sl="122" sc="1" el="122" ec="2" bec="0" bev="0" fileid="7" />
                <SequencePoint vc="0" uspid="123" ordinal="5" sl="123" sc="1" el="123" ec="2" bec="2" bev="0" fileid="7" />
                <SequencePoint vc="0" uspid="124" ordinal="6" sl="124" sc="1" el="124" ec="2" bec="0" bev="0" fileid="7" />
                <SequencePoint vc="0" uspid="125" ordinal="7" sl="125" sc="1" el="125" ec="2" bec="0" bev="0" fileid="7" />
                <SequencePoint vc="0" uspid="127" ordinal="8" sl="127" sc="1" el="127" ec="2" bec="0" bev="0" fileid="7" />
                <SequencePoint vc="0" uspid="128" ordinal="9" sl="128" sc="1" el="128" ec="2" bec="0" bev="0" fileid="7" />
              </SequencePoints>
              <BranchPoints>
                <BranchPoint vc="0" uspid="123" ordinal="1" path="1" offset="150" offsetend="125" sl="123" fileid="7" />
                <BranchPoint vc="0" uspid="123" ordinal="0" path="0" offset="150" offsetend="152" sl="123" fileid="7" />
              </BranchPoints>
              <MethodPoint vc="0" uspid="0" p8:type="SequencePoint" ordinal="6" offset="6" sc="0" sl="118" ec="1" el="128" bec="0" bev="0" fileid="7" xmlns:p8="xsi" />
            </Method>
            <Method cyclomaticComplexity="4" nPathComplexity="4" sequenceCoverage="0" branchCoverage="0" isConstructor="False" isGetter="False" isSetter="False" isStatic="True">
              <Summary numSequencePoints="21" visitedSequencePoints="0" numBranchPoints="4" visitedBranchPoints="0" sequenceCoverage="0" branchCoverage="0" maxCyclomaticComplexity="4" minCyclomaticComplexity="4" visitedClasses="0" numClasses="0" visitedMethods="0" numMethods="1" />
              <MetadataToken />
              <Name>System.Boolean DisprzTraining.DataAccess.AppointmentDAL::SendMail(System.Collections.Generic.List`1&lt;System.String&gt;,DisprzTraining.Models.Appointment)</Name>
              <FileRef uid="7" />
              <SequencePoints>
                <SequencePoint vc="0" uspid="131" ordinal="0" sl="131" sc="1" el="131" ec="2" bec="0" bev="0" fileid="7" />
                <SequencePoint vc="0" uspid="132" ordinal="1" sl="132" sc="1" el="132" ec="2" bec="0" bev="0" fileid="7" />
                <SequencePoint vc="0" uspid="133" ordinal="2" sl="133" sc="1" el="133" ec="2" bec="0" bev="0" fileid="7" />
                <SequencePoint vc="0" uspid="134" ordinal="3" sl="134" sc="1" el="134" ec="2" bec="0" bev="0" fileid="7" />
                <SequencePoint vc="0" uspid="135" ordinal="4" sl="135" sc="1" el="135" ec="2" bec="0" bev="0" fileid="7" />
                <SequencePoint vc="0" uspid="136" ordinal="5" sl="136" sc="1" el="136" ec="2" bec="0" bev="0" fileid="7" />
                <SequencePoint vc="0" uspid="137" ordinal="6" sl="137" sc="1" el="137" ec="2" bec="0" bev="0" fileid="7" />
                <SequencePoint vc="0" uspid="138" ordinal="7" sl="138" sc="1" el="138" ec="2" bec="0" bev="0" fileid="7" />
                <SequencePoint vc="0" uspid="139" ordinal="8" sl="139" sc="1" el="139" ec="2" bec="0" bev="0" fileid="7" />
                <SequencePoint vc="0" uspid="140" ordinal="9" sl="140" sc="1" el="140" ec="2" bec="2" bev="0" fileid="7" />
                <SequencePoint vc="0" uspid="141" ordinal="10" sl="141" sc="1" el="141" ec="2" bec="0" bev="0" fileid="7" />
                <SequencePoint vc="0" uspid="142" ordinal="11" sl="142" sc="1" el="142" ec="2" bec="2" bev="0" fileid="7" />
                <SequencePoint vc="0" uspid="143" ordinal="12" sl="143" sc="1" el="143" ec="2" bec="0" bev="0" fileid="7" />
                <SequencePoint vc="0" uspid="144" ordinal="13" sl="144" sc="1" el="144" ec="2" bec="0" bev="0" fileid="7" />
                <SequencePoint vc="0" uspid="145" ordinal="14" sl="145" sc="1" el="145" ec="2" bec="0" bev="0" fileid="7" />
                <SequencePoint vc="0" uspid="146" ordinal="15" sl="146" sc="1" el="146" ec="2" bec="0" bev="0" fileid="7" />
                <SequencePoint vc="0" uspid="148" ordinal="16" sl="148" sc="1" el="148" ec="2" bec="0" bev="0" fileid="7" />
                <SequencePoint vc="0" uspid="149" ordinal="17" sl="149" sc="1" el="149" ec="2" bec="0" bev="0" fileid="7" />
                <SequencePoint vc="0" uspid="150" ordinal="18" sl="150" sc="1" el="150" ec="2" bec="0" bev="0" fileid="7" />
                <SequencePoint vc="0" uspid="151" ordinal="19" sl="151" sc="1" el="151" ec="2" bec="0" bev="0" fileid="7" />
                <SequencePoint vc="0" uspid="152" ordinal="20" sl="152" sc="1" el="152" ec="2" bec="0" bev="0" fileid="7" />
              </SequencePoints>
              <BranchPoints>
                <BranchPoint vc="0" uspid="140" ordinal="3" path="1" offset="334" offsetend="263" sl="140" fileid="7" />
                <BranchPoint vc="0" uspid="142" ordinal="0" path="0" offset="289" offsetend="291" sl="142" fileid="7" />
                <BranchPoint vc="0" uspid="142" ordinal="1" path="1" offset="289" offsetend="314" sl="142" fileid="7" />
                <BranchPoint vc="0" uspid="140" ordinal="2" path="0" offset="334" offsetend="336" sl="140" fileid="7" />
              </BranchPoints>
              <MethodPoint vc="0" uspid="0" p8:type="SequencePoint" ordinal="7" offset="7" sc="0" sl="131" ec="1" el="152" bec="0" bev="0" fileid="7" xmlns:p8="xsi" />
            </Method>
            <Method cyclomaticComplexity="1" nPathComplexity="1" sequenceCoverage="0" branchCoverage="100" isConstructor="True" isGetter="False" isSetter="False" isStatic="True">
              <Summary numSequencePoints="1" visitedSequencePoints="0" numBranchPoints="0" visitedBranchPoints="0" sequenceCoverage="0" branchCoverage="100" maxCyclomaticComplexity="1" minCyclomaticComplexity="1" visitedClasses="0" numClasses="0" visitedMethods="0" numMethods="1" />
              <MetadataToken />
              <Name>System.Void DisprzTraining.DataAccess.AppointmentDAL::.ctor()</Name>
              <FileRef uid="7" />
              <SequencePoints>
                <SequencePoint vc="0" uspid="12" ordinal="0" sl="12" sc="1" el="12" ec="2" bec="0" bev="0" fileid="7" />
              </SequencePoints>
              <BranchPoints />
              <MethodPoint vc="0" uspid="0" p8:type="SequencePoint" ordinal="8" offset="8" sc="0" sl="12" ec="1" el="12" bec="0" bev="0" fileid="7" xmlns:p8="xsi" />
            </Method>
          </Methods>
        </Class>
        <Class>
          <Summary numSequencePoints="2" visitedSequencePoints="0" numBranchPoints="0" visitedBranchPoints="0" sequenceCoverage="0" branchCoverage="100" maxCyclomaticComplexity="1" minCyclomaticComplexity="1" visitedClasses="0" numClasses="1" visitedMethods="0" numMethods="2" />
          <FullName>DisprzTraining.CustomExceptions.NotIdFoundException</FullName>
          <Methods>
            <Method cyclomaticComplexity="1" nPathComplexity="1" sequenceCoverage="0" branchCoverage="100" isConstructor="False" isGetter="True" isSetter="False" isStatic="True">
              <Summary numSequencePoints="1" visitedSequencePoints="0" numBranchPoints="0" visitedBranchPoints="0" sequenceCoverage="0" branchCoverage="100" maxCyclomaticComplexity="1" minCyclomaticComplexity="1" visitedClasses="0" numClasses="0" visitedMethods="0" numMethods="1" />
              <MetadataToken />
              <Name>System.Nullable`1&lt;System.Int32&gt; DisprzTraining.CustomExceptions.NotIdFoundException::get_StatusCode()</Name>
              <FileRef uid="8" />
              <SequencePoints>
                <SequencePoint vc="0" uspid="10" ordinal="0" sl="10" sc="1" el="10" ec="2" bec="0" bev="0" fileid="8" />
              </SequencePoints>
              <BranchPoints />
              <MethodPoint vc="0" uspid="0" p8:type="SequencePoint" ordinal="0" offset="0" sc="0" sl="10" ec="1" el="10" bec="0" bev="0" fileid="8" xmlns:p8="xsi" />
            </Method>
            <Method cyclomaticComplexity="1" nPathComplexity="1" sequenceCoverage="0" branchCoverage="100" isConstructor="False" isGetter="True" isSetter="False" isStatic="True">
              <Summary numSequencePoints="1" visitedSequencePoints="0" numBranchPoints="0" visitedBranchPoints="0" sequenceCoverage="0" branchCoverage="100" maxCyclomaticComplexity="1" minCyclomaticComplexity="1" visitedClasses="0" numClasses="0" visitedMethods="0" numMethods="1" />
              <MetadataToken />
              <Name>System.String DisprzTraining.CustomExceptions.NotIdFoundException::get_ErrorMessage()</Name>
              <FileRef uid="8" />
              <SequencePoints>
                <SequencePoint vc="0" uspid="11" ordinal="0" sl="11" sc="1" el="11" ec="2" bec="0" bev="0" fileid="8" />
              </SequencePoints>
              <BranchPoints />
              <MethodPoint vc="0" uspid="0" p8:type="SequencePoint" ordinal="1" offset="1" sc="0" sl="11" ec="1" el="11" bec="0" bev="0" fileid="8" xmlns:p8="xsi" />
            </Method>
          </Methods>
        </Class>
        <Class>
          <Summary numSequencePoints="2" visitedSequencePoints="0" numBranchPoints="0" visitedBranchPoints="0" sequenceCoverage="0" branchCoverage="100" maxCyclomaticComplexity="1" minCyclomaticComplexity="1" visitedClasses="0" numClasses="1" visitedMethods="0" numMethods="2" />
          <FullName>DisprzTraining.CustomExceptions.DateTimeMisMatchException</FullName>
          <Methods>
            <Method cyclomaticComplexity="1" nPathComplexity="1" sequenceCoverage="0" branchCoverage="100" isConstructor="False" isGetter="True" isSetter="False" isStatic="True">
              <Summary numSequencePoints="1" visitedSequencePoints="0" numBranchPoints="0" visitedBranchPoints="0" sequenceCoverage="0" branchCoverage="100" maxCyclomaticComplexity="1" minCyclomaticComplexity="1" visitedClasses="0" numClasses="0" visitedMethods="0" numMethods="1" />
              <MetadataToken />
              <Name>System.Nullable`1&lt;System.Int32&gt; DisprzTraining.CustomExceptions.DateTimeMisMatchException::get_StatusCode()</Name>
              <FileRef uid="8" />
              <SequencePoints>
                <SequencePoint vc="0" uspid="14" ordinal="0" sl="14" sc="1" el="14" ec="2" bec="0" bev="0" fileid="8" />
              </SequencePoints>
              <BranchPoints />
              <MethodPoint vc="0" uspid="0" p8:type="SequencePoint" ordinal="0" offset="0" sc="0" sl="14" ec="1" el="14" bec="0" bev="0" fileid="8" xmlns:p8="xsi" />
            </Method>
            <Method cyclomaticComplexity="1" nPathComplexity="1" sequenceCoverage="0" branchCoverage="100" isConstructor="False" isGetter="True" isSetter="False" isStatic="True">
              <Summary numSequencePoints="1" visitedSequencePoints="0" numBranchPoints="0" visitedBranchPoints="0" sequenceCoverage="0" branchCoverage="100" maxCyclomaticComplexity="1" minCyclomaticComplexity="1" visitedClasses="0" numClasses="0" visitedMethods="0" numMethods="1" />
              <MetadataToken />
              <Name>System.String DisprzTraining.CustomExceptions.DateTimeMisMatchException::get_ErrorMessage()</Name>
              <FileRef uid="8" />
              <SequencePoints>
                <SequencePoint vc="0" uspid="15" ordinal="0" sl="15" sc="1" el="15" ec="2" bec="0" bev="0" fileid="8" />
              </SequencePoints>
              <BranchPoints />
              <MethodPoint vc="0" uspid="0" p8:type="SequencePoint" ordinal="1" offset="1" sc="0" sl="15" ec="1" el="15" bec="0" bev="0" fileid="8" xmlns:p8="xsi" />
            </Method>
          </Methods>
        </Class>
        <Class>
          <Summary numSequencePoints="2" visitedSequencePoints="0" numBranchPoints="0" visitedBranchPoints="0" sequenceCoverage="0" branchCoverage="100" maxCyclomaticComplexity="1" minCyclomaticComplexity="1" visitedClasses="0" numClasses="1" visitedMethods="0" numMethods="2" />
          <FullName>DisprzTraining.CustomExceptions.MeetingOverLapException</FullName>
          <Methods>
            <Method cyclomaticComplexity="1" nPathComplexity="1" sequenceCoverage="0" branchCoverage="100" isConstructor="False" isGetter="True" isSetter="False" isStatic="True">
              <Summary numSequencePoints="1" visitedSequencePoints="0" numBranchPoints="0" visitedBranchPoints="0" sequenceCoverage="0" branchCoverage="100" maxCyclomaticComplexity="1" minCyclomaticComplexity="1" visitedClasses="0" numClasses="0" visitedMethods="0" numMethods="1" />
              <MetadataToken />
              <Name>System.Nullable`1&lt;System.Int32&gt; DisprzTraining.CustomExceptions.MeetingOverLapException::get_StatusCode()</Name>
              <FileRef uid="8" />
              <SequencePoints>
                <SequencePoint vc="0" uspid="19" ordinal="0" sl="19" sc="1" el="19" ec="2" bec="0" bev="0" fileid="8" />
              </SequencePoints>
              <BranchPoints />
              <MethodPoint vc="0" uspid="0" p8:type="SequencePoint" ordinal="0" offset="0" sc="0" sl="19" ec="1" el="19" bec="0" bev="0" fileid="8" xmlns:p8="xsi" />
            </Method>
            <Method cyclomaticComplexity="1" nPathComplexity="1" sequenceCoverage="0" branchCoverage="100" isConstructor="False" isGetter="True" isSetter="False" isStatic="True">
              <Summary numSequencePoints="1" visitedSequencePoints="0" numBranchPoints="0" visitedBranchPoints="0" sequenceCoverage="0" branchCoverage="100" maxCyclomaticComplexity="1" minCyclomaticComplexity="1" visitedClasses="0" numClasses="0" visitedMethods="0" numMethods="1" />
              <MetadataToken />
              <Name>System.String DisprzTraining.CustomExceptions.MeetingOverLapException::get_ErrorMessage()</Name>
              <FileRef uid="8" />
              <SequencePoints>
                <SequencePoint vc="0" uspid="20" ordinal="0" sl="20" sc="1" el="20" ec="2" bec="0" bev="0" fileid="8" />
              </SequencePoints>
              <BranchPoints />
              <MethodPoint vc="0" uspid="0" p8:type="SequencePoint" ordinal="1" offset="1" sc="0" sl="20" ec="1" el="20" bec="0" bev="0" fileid="8" xmlns:p8="xsi" />
            </Method>
          </Methods>
        </Class>
        <Class>
          <Summary numSequencePoints="2" visitedSequencePoints="0" numBranchPoints="0" visitedBranchPoints="0" sequenceCoverage="0" branchCoverage="100" maxCyclomaticComplexity="1" minCyclomaticComplexity="1" visitedClasses="0" numClasses="1" visitedMethods="0" numMethods="2" />
          <FullName>DisprzTraining.CustomExceptions.NoDataFoundException</FullName>
          <Methods>
            <Method cyclomaticComplexity="1" nPathComplexity="1" sequenceCoverage="0" branchCoverage="100" isConstructor="False" isGetter="True" isSetter="False" isStatic="True">
              <Summary numSequencePoints="1" visitedSequencePoints="0" numBranchPoints="0" visitedBranchPoints="0" sequenceCoverage="0" branchCoverage="100" maxCyclomaticComplexity="1" minCyclomaticComplexity="1" visitedClasses="0" numClasses="0" visitedMethods="0" numMethods="1" />
              <MetadataToken />
              <Name>System.Nullable`1&lt;System.Int32&gt; DisprzTraining.CustomExceptions.NoDataFoundException::get_StatusCode()</Name>
              <FileRef uid="8" />
              <SequencePoints>
                <SequencePoint vc="0" uspid="23" ordinal="0" sl="23" sc="1" el="23" ec="2" bec="0" bev="0" fileid="8" />
              </SequencePoints>
              <BranchPoints />
              <MethodPoint vc="0" uspid="0" p8:type="SequencePoint" ordinal="0" offset="0" sc="0" sl="23" ec="1" el="23" bec="0" bev="0" fileid="8" xmlns:p8="xsi" />
            </Method>
            <Method cyclomaticComplexity="1" nPathComplexity="1" sequenceCoverage="0" branchCoverage="100" isConstructor="False" isGetter="True" isSetter="False" isStatic="True">
              <Summary numSequencePoints="1" visitedSequencePoints="0" numBranchPoints="0" visitedBranchPoints="0" sequenceCoverage="0" branchCoverage="100" maxCyclomaticComplexity="1" minCyclomaticComplexity="1" visitedClasses="0" numClasses="0" visitedMethods="0" numMethods="1" />
              <MetadataToken />
              <Name>System.String DisprzTraining.CustomExceptions.NoDataFoundException::get_ErrorMessage()</Name>
              <FileRef uid="8" />
              <SequencePoints>
                <SequencePoint vc="0" uspid="24" ordinal="0" sl="24" sc="1" el="24" ec="2" bec="0" bev="0" fileid="8" />
              </SequencePoints>
              <BranchPoints />
              <MethodPoint vc="0" uspid="0" p8:type="SequencePoint" ordinal="1" offset="1" sc="0" sl="24" ec="1" el="24" bec="0" bev="0" fileid="8" xmlns:p8="xsi" />
            </Method>
          </Methods>
        </Class>
        <Class>
          <Summary numSequencePoints="1" visitedSequencePoints="0" numBranchPoints="0" visitedBranchPoints="0" sequenceCoverage="0" branchCoverage="100" maxCyclomaticComplexity="1" minCyclomaticComplexity="1" visitedClasses="0" numClasses="1" visitedMethods="0" numMethods="1" />
          <FullName>DisprzTraining.CustomExceptions.InValiDateException</FullName>
          <Methods>
            <Method cyclomaticComplexity="1" nPathComplexity="1" sequenceCoverage="0" branchCoverage="100" isConstructor="False" isGetter="True" isSetter="False" isStatic="True">
              <Summary numSequencePoints="1" visitedSequencePoints="0" numBranchPoints="0" visitedBranchPoints="0" sequenceCoverage="0" branchCoverage="100" maxCyclomaticComplexity="1" minCyclomaticComplexity="1" visitedClasses="0" numClasses="0" visitedMethods="0" numMethods="1" />
              <MetadataToken />
              <Name>System.String DisprzTraining.CustomExceptions.InValiDateException::get_ErrorMessage()</Name>
              <FileRef uid="8" />
              <SequencePoints>
                <SequencePoint vc="0" uspid="27" ordinal="0" sl="27" sc="1" el="27" ec="2" bec="0" bev="0" fileid="8" />
              </SequencePoints>
              <BranchPoints />
              <MethodPoint vc="0" uspid="0" p8:type="SequencePoint" ordinal="0" offset="0" sc="0" sl="27" ec="1" el="27" bec="0" bev="0" fileid="8" xmlns:p8="xsi" />
            </Method>
          </Methods>
        </Class>
        <Class>
          <Summary numSequencePoints="66" visitedSequencePoints="0" numBranchPoints="6" visitedBranchPoints="0" sequenceCoverage="0" branchCoverage="0" maxCyclomaticComplexity="2" minCyclomaticComplexity="1" visitedClasses="0" numClasses="1" visitedMethods="0" numMethods="8" />
          <FullName>DisprzTraining.Controllers.AppointmentsController</FullName>
          <Methods>
            <Method cyclomaticComplexity="1" nPathComplexity="1" sequenceCoverage="0" branchCoverage="100" isConstructor="False" isGetter="False" isSetter="False" isStatic="True">
              <Summary numSequencePoints="13" visitedSequencePoints="0" numBranchPoints="0" visitedBranchPoints="0" sequenceCoverage="0" branchCoverage="100" maxCyclomaticComplexity="1" minCyclomaticComplexity="1" visitedClasses="0" numClasses="0" visitedMethods="0" numMethods="1" />
              <MetadataToken />
              <Name>Microsoft.AspNetCore.Mvc.IActionResult DisprzTraining.Controllers.AppointmentsController::createAppointment(DisprzTraining.Models.Appointment)</Name>
              <FileRef uid="9" />
              <SequencePoints>
                <SequencePoint vc="0" uspid="24" ordinal="0" sl="24" sc="1" el="24" ec="2" bec="0" bev="0" fileid="9" />
                <SequencePoint vc="0" uspid="25" ordinal="1" sl="25" sc="1" el="25" ec="2" bec="0" bev="0" fileid="9" />
                <SequencePoint vc="0" uspid="26" ordinal="2" sl="26" sc="1" el="26" ec="2" bec="0" bev="0" fileid="9" />
                <SequencePoint vc="0" uspid="27" ordinal="3" sl="27" sc="1" el="27" ec="2" bec="0" bev="0" fileid="9" />
                <SequencePoint vc="0" uspid="28" ordinal="4" sl="28" sc="1" el="28" ec="2" bec="0" bev="0" fileid="9" />
                <SequencePoint vc="0" uspid="30" ordinal="5" sl="30" sc="1" el="30" ec="2" bec="0" bev="0" fileid="9" />
                <SequencePoint vc="0" uspid="31" ordinal="6" sl="31" sc="1" el="31" ec="2" bec="0" bev="0" fileid="9" />
                <SequencePoint vc="0" uspid="32" ordinal="7" sl="32" sc="1" el="32" ec="2" bec="0" bev="0" fileid="9" />
                <SequencePoint vc="0" uspid="34" ordinal="8" sl="34" sc="1" el="34" ec="2" bec="0" bev="0" fileid="9" />
                <SequencePoint vc="0" uspid="35" ordinal="9" sl="35" sc="1" el="35" ec="2" bec="0" bev="0" fileid="9" />
                <SequencePoint vc="0" uspid="37" ordinal="10" sl="37" sc="1" el="37" ec="2" bec="0" bev="0" fileid="9" />
                <SequencePoint vc="0" uspid="38" ordinal="11" sl="38" sc="1" el="38" ec="2" bec="0" bev="0" fileid="9" />
                <SequencePoint vc="0" uspid="40" ordinal="12" sl="40" sc="1" el="40" ec="2" bec="0" bev="0" fileid="9" />
              </SequencePoints>
              <BranchPoints />
              <MethodPoint vc="0" uspid="0" p8:type="SequencePoint" ordinal="0" offset="0" sc="0" sl="24" ec="1" el="40" bec="0" bev="0" fileid="9" xmlns:p8="xsi" />
            </Method>
            <Method cyclomaticComplexity="1" nPathComplexity="1" sequenceCoverage="0" branchCoverage="100" isConstructor="False" isGetter="False" isSetter="False" isStatic="True">
              <Summary numSequencePoints="7" visitedSequencePoints="0" numBranchPoints="0" visitedBranchPoints="0" sequenceCoverage="0" branchCoverage="100" maxCyclomaticComplexity="1" minCyclomaticComplexity="1" visitedClasses="0" numClasses="0" visitedMethods="0" numMethods="1" />
              <MetadataToken />
              <Name>Microsoft.AspNetCore.Mvc.IActionResult DisprzTraining.Controllers.AppointmentsController::getAppointments(System.String)</Name>
              <FileRef uid="9" />
              <SequencePoints>
                <SequencePoint vc="0" uspid="42" ordinal="0" sl="42" sc="1" el="42" ec="2" bec="0" bev="0" fileid="9" />
                <SequencePoint vc="0" uspid="43" ordinal="1" sl="43" sc="1" el="43" ec="2" bec="0" bev="0" fileid="9" />
                <SequencePoint vc="0" uspid="44" ordinal="2" sl="44" sc="1" el="44" ec="2" bec="0" bev="0" fileid="9" />
                <SequencePoint vc="0" uspid="45" ordinal="3" sl="45" sc="1" el="45" ec="2" bec="0" bev="0" fileid="9" />
                <SequencePoint vc="0" uspid="47" ordinal="4" sl="47" sc="1" el="47" ec="2" bec="0" bev="0" fileid="9" />
                <SequencePoint vc="0" uspid="48" ordinal="5" sl="48" sc="1" el="48" ec="2" bec="0" bev="0" fileid="9" />
                <SequencePoint vc="0" uspid="50" ordinal="6" sl="50" sc="1" el="50" ec="2" bec="0" bev="0" fileid="9" />
              </SequencePoints>
              <BranchPoints />
              <MethodPoint vc="0" uspid="0" p8:type="SequencePoint" ordinal="1" offset="1" sc="0" sl="42" ec="1" el="50" bec="0" bev="0" fileid="9" xmlns:p8="xsi" />
            </Method>
            <Method cyclomaticComplexity="2" nPathComplexity="2" sequenceCoverage="0" branchCoverage="0" isConstructor="False" isGetter="False" isSetter="False" isStatic="True">
              <Summary numSequencePoints="9" visitedSequencePoints="0" numBranchPoints="2" visitedBranchPoints="0" sequenceCoverage="0" branchCoverage="0" maxCyclomaticComplexity="2" minCyclomaticComplexity="2" visitedClasses="0" numClasses="0" visitedMethods="0" numMethods="1" />
              <MetadataToken />
              <Name>Microsoft.AspNetCore.Mvc.IActionResult DisprzTraining.Controllers.AppointmentsController::DeleteAppointment(System.DateTime)</Name>
              <FileRef uid="9" />
              <SequencePoints>
                <SequencePoint vc="0" uspid="52" ordinal="0" sl="52" sc="1" el="52" ec="2" bec="0" bev="0" fileid="9" />
                <SequencePoint vc="0" uspid="53" ordinal="1" sl="53" sc="1" el="53" ec="2" bec="0" bev="0" fileid="9" />
                <SequencePoint vc="0" uspid="54" ordinal="2" sl="54" sc="1" el="54" ec="2" bec="0" bev="0" fileid="9" />
                <SequencePoint vc="0" uspid="56" ordinal="3" sl="56" sc="1" el="56" ec="2" bec="0" bev="0" fileid="9" />
                <SequencePoint vc="0" uspid="57" ordinal="4" sl="57" sc="1" el="57" ec="2" bec="2" bev="0" fileid="9" />
                <SequencePoint vc="0" uspid="58" ordinal="5" sl="58" sc="1" el="58" ec="2" bec="0" bev="0" fileid="9" />
                <SequencePoint vc="0" uspid="60" ordinal="6" sl="60" sc="1" el="60" ec="2" bec="0" bev="0" fileid="9" />
                <SequencePoint vc="0" uspid="61" ordinal="7" sl="61" sc="1" el="61" ec="2" bec="0" bev="0" fileid="9" />
                <SequencePoint vc="0" uspid="63" ordinal="8" sl="63" sc="1" el="63" ec="2" bec="0" bev="0" fileid="9" />
              </SequencePoints>
              <BranchPoints>
                <BranchPoint vc="0" uspid="57" ordinal="0" path="0" offset="33" offsetend="35" sl="57" fileid="9" />
                <BranchPoint vc="0" uspid="57" ordinal="1" path="1" offset="33" offsetend="46" sl="57" fileid="9" />
              </BranchPoints>
              <MethodPoint vc="0" uspid="0" p8:type="SequencePoint" ordinal="2" offset="2" sc="0" sl="52" ec="1" el="63" bec="0" bev="0" fileid="9" xmlns:p8="xsi" />
            </Method>
            <Method cyclomaticComplexity="2" nPathComplexity="2" sequenceCoverage="0" branchCoverage="0" isConstructor="False" isGetter="False" isSetter="False" isStatic="True">
              <Summary numSequencePoints="15" visitedSequencePoints="0" numBranchPoints="2" visitedBranchPoints="0" sequenceCoverage="0" branchCoverage="0" maxCyclomaticComplexity="2" minCyclomaticComplexity="2" visitedClasses="0" numClasses="0" visitedMethods="0" numMethods="1" />
              <MetadataToken />
              <Name>Microsoft.AspNetCore.Mvc.IActionResult DisprzTraining.Controllers.AppointmentsController::UpdateAppointment(System.String,DisprzTraining.Models.Appointment)</Name>
              <FileRef uid="9" />
              <SequencePoints>
                <SequencePoint vc="0" uspid="65" ordinal="0" sl="65" sc="1" el="65" ec="2" bec="0" bev="0" fileid="9" />
                <SequencePoint vc="0" uspid="66" ordinal="1" sl="66" sc="1" el="66" ec="2" bec="0" bev="0" fileid="9" />
                <SequencePoint vc="0" uspid="67" ordinal="2" sl="67" sc="1" el="67" ec="2" bec="0" bev="0" fileid="9" />
                <SequencePoint vc="0" uspid="68" ordinal="3" sl="68" sc="1" el="68" ec="2" bec="2" bev="0" fileid="9" />
                <SequencePoint vc="0" uspid="69" ordinal="4" sl="69" sc="1" el="69" ec="2" bec="0" bev="0" fileid="9" />
                <SequencePoint vc="0" uspid="71" ordinal="5" sl="71" sc="1" el="71" ec="2" bec="0" bev="0" fileid="9" />
                <SequencePoint vc="0" uspid="72" ordinal="6" sl="72" sc="1" el="72" ec="2" bec="0" bev="0" fileid="9" />
                <SequencePoint vc="0" uspid="75" ordinal="7" sl="75" sc="1" el="75" ec="2" bec="0" bev="0" fileid="9" />
                <SequencePoint vc="0" uspid="76" ordinal="8" sl="76" sc="1" el="76" ec="2" bec="0" bev="0" fileid="9" />
[...]
                <SequencePoint vc="0" uspid="44" ordinal="12" sl="44" sc="1" el="44" ec="2" bec="0" bev="0" fileid="10" />
                <SequencePoint vc="0" uspid="45" ordinal="13" sl="45" sc="1" el="45" ec="2" bec="0" bev="0" fileid="10" />
                <SequencePoint vc="0" uspid="46" ordinal="14" sl="46" sc="1" el="46" ec="2" bec="0" bev="0" fileid="10" />
                <SequencePoint vc="0" uspid="47" ordinal="15" sl="47" sc="1" el="47" ec="2" bec="0" bev="0" fileid="10" />
                <SequencePoint vc="0" uspid="48" ordinal="16" sl="48" sc="1" el="48" ec="2" bec="0" bev="0" fileid="10" />
              </SequencePoints>
              <BranchPoints>
                <BranchPoint vc="0" uspid="29" ordinal="0" path="0" offset="20" offsetend="22" sl="29" fileid="10" />
                <BranchPoint vc="0" uspid="29" ordinal="1" path="1" offset="20" offsetend="58" sl="29" fileid="10" />
                <BranchPoint vc="0" uspid="32" ordinal="2" path="0" offset="77" offsetend="79" sl="32" fileid="10" />
                <BranchPoint vc="0" uspid="32" ordinal="3" path="1" offset="77" offsetend="86" sl="32" fileid="10" />
                <BranchPoint vc="0" uspid="35" ordinal="4" path="0" offset="97" offsetend="99" sl="35" fileid="10" />
                <BranchPoint vc="0" uspid="35" ordinal="5" path="1" offset="97" offsetend="112" sl="35" fileid="10" />
                <BranchPoint vc="0" uspid="35" ordinal="6" path="0" offset="115" offsetend="120" sl="35" fileid="10" />
                <BranchPoint vc="0" uspid="36" ordinal="8" path="0" offset="142" offsetend="147" sl="36" fileid="10" />
                <BranchPoint vc="0" uspid="37" ordinal="17" path="1" offset="268" offsetend="169" sl="37" fileid="10" />
                <BranchPoint vc="0" uspid="38" ordinal="10" path="0" offset="201" offsetend="203" sl="38" fileid="10" />
                <BranchPoint vc="0" uspid="38" ordinal="11" path="1" offset="201" offsetend="206" sl="38" fileid="10" />
                <BranchPoint vc="0" uspid="41" ordinal="12" path="0" offset="224" offsetend="226" sl="41" fileid="10" />
                <BranchPoint vc="0" uspid="41" ordinal="13" path="1" offset="224" offsetend="246" sl="41" fileid="10" />
                <BranchPoint vc="0" uspid="41" ordinal="14" path="0" offset="251" offsetend="253" sl="41" fileid="10" />
                <BranchPoint vc="0" uspid="41" ordinal="15" path="1" offset="251" offsetend="260" sl="41" fileid="10" />
                <BranchPoint vc="0" uspid="37" ordinal="16" path="0" offset="268" offsetend="270" sl="37" fileid="10" />
                <BranchPoint vc="0" uspid="36" ordinal="9" path="1" offset="142" offsetend="288" sl="36" fileid="10" />
                <BranchPoint vc="0" uspid="35" ordinal="7" path="1" offset="115" offsetend="289" sl="35" fileid="10" />
              </BranchPoints>
              <MethodPoint vc="0" uspid="0" p8:type="SequencePoint" ordinal="1" offset="1" sc="0" sl="28" ec="1" el="48" bec="0" bev="0" fileid="10" xmlns:p8="xsi" />
            </Method>
            <Method cyclomaticComplexity="1" nPathComplexity="1" sequenceCoverage="0" branchCoverage="100" isConstructor="False" isGetter="False" isSetter="False" isStatic="True">
              <Summary numSequencePoints="7" visitedSequencePoints="0" numBranchPoints="0" visitedBranchPoints="0" sequenceCoverage="0" branchCoverage="100" maxCyclomaticComplexity="1" minCyclomaticComplexity="1" visitedClasses="0" numClasses="0" visitedMethods="0" numMethods="1" />
              <MetadataToken />
              <Name>System.Boolean DisprzTraining.Business.AppointmentBL::NewAppointment(System.String,DisprzTraining.Models.Appointment)</Name>
              <FileRef uid="10" />
              <SequencePoints>
                <SequencePoint vc="0" uspid="49" ordinal="0" sl="49" sc="1" el="49" ec="2" bec="0" bev="0" fileid="10" />
                <SequencePoint vc="0" uspid="50" ordinal="1" sl="50" sc="1" el="50" ec="2" bec="0" bev="0" fileid="10" />
                <SequencePoint vc="0" uspid="51" ordinal="2" sl="51" sc="1" el="51" ec="2" bec="0" bev="0" fileid="10" />
                <SequencePoint vc="0" uspid="52" ordinal="3" sl="52" sc="1" el="52" ec="2" bec="0" bev="0" fileid="10" />
                <SequencePoint vc="0" uspid="53" ordinal="4" sl="53" sc="1" el="53" ec="2" bec="0" bev="0" fileid="10" />
                <SequencePoint vc="0" uspid="54" ordinal="5" sl="54" sc="1" el="54" ec="2" bec="0" bev="0" fileid="10" />
                <SequencePoint vc="0" uspid="55" ordinal="6" sl="55" sc="1" el="55" ec="2" bec="0" bev="0" fileid="10" />
              </SequencePoints>
              <BranchPoints />
              <MethodPoint vc="0" uspid="0" p8:type="SequencePoint" ordinal="2" offset="2" sc="0" sl="49" ec="1" el="55" bec="0" bev="0" fileid="10" xmlns:p8="xsi" />
            </Method>
            <Method cyclomaticComplexity="2" nPathComplexity="2" sequenceCoverage="0" branchCoverage="0" isConstructor="False" isGetter="False" isSetter="False" isStatic="True">
              <Summary numSequencePoints="8" visitedSequencePoints="0" numBranchPoints="2" visitedBranchPoints="0" sequenceCoverage="0" branchCoverage="0" maxCyclomaticComplexity="2" minCyclomaticComplexity="2" visitedClasses="0" numClasses="0" visitedMethods="0" numMethods="1" />
              <MetadataToken />
              <Name>System.Collections.Generic.List`1&lt;DisprzTraining.Models.Appointment&gt; DisprzTraining.Business.AppointmentBL::RetriveAppointments(System.String)</Name>
              <FileRef uid="10" />
              <SequencePoints>
                <SequencePoint vc="0" uspid="58" ordinal="0" sl="58" sc="1" el="58" ec="2" bec="0" bev="0" fileid="10" />
                <SequencePoint vc="0" uspid="59" ordinal="1" sl="59" sc="1" el="59" ec="2" bec="0" bev="0" fileid="10" />
                <SequencePoint vc="0" uspid="60" ordinal="2" sl="60" sc="1" el="60" ec="2" bec="0" bev="0" fileid="10" />
                <SequencePoint vc="0" uspid="61" ordinal="3" sl="61" sc="1" el="61" ec="2" bec="2" bev="0" fileid="10" />
                <SequencePoint vc="0" uspid="62" ordinal="4" sl="62" sc="1" el="62" ec="2" bec="0" bev="0" fileid="10" />
                <SequencePoint vc="0" uspid="64" ordinal="5" sl="64" sc="1" el="64" ec="2" bec="0" bev="0" fileid="10" />
                <SequencePoint vc="0" uspid="65" ordinal="6" sl="65" sc="1" el="65" ec="2" bec="0" bev="0" fileid="10" />
                <SequencePoint vc="0" uspid="67" ordinal="7" sl="67" sc="1" el="67" ec="2" bec="0" bev="0" fileid="10" />
              </SequencePoints>
              <BranchPoints>
                <BranchPoint vc="0" uspid="61" ordinal="0" path="0" offset="23" offsetend="25" sl="61" fileid="10" />
                <BranchPoint vc="0" uspid="61" ordinal="1" path="1" offset="23" offsetend="41" sl="61" fileid="10" />
              </BranchPoints>
              <MethodPoint vc="0" uspid="0" p8:type="SequencePoint" ordinal="3" offset="3" sc="0" sl="58" ec="1" el="67" bec="0" bev="0" fileid="10" xmlns:p8="xsi" />
            </Method>
            <Method cyclomaticComplexity="1" nPathComplexity="1" sequenceCoverage="0" branchCoverage="100" isConstructor="False" isGetter="False" isSetter="False" isStatic="True">
              <Summary numSequencePoints="3" visitedSequencePoints="0" numBranchPoints="0" visitedBranchPoints="0" sequenceCoverage="0" branchCoverage="100" maxCyclomaticComplexity="1" minCyclomaticComplexity="1" visitedClasses="0" numClasses="0" visitedMethods="0" numMethods="1" />
              <MetadataToken />
              <Name>System.Boolean DisprzTraining.Business.AppointmentBL::RemoveAppointmnet(System.String,System.DateTime)</Name>
              <FileRef uid="10" />
              <SequencePoints>
                <SequencePoint vc="0" uspid="70" ordinal="0" sl="70" sc="1" el="70" ec="2" bec="0" bev="0" fileid="10" />
                <SequencePoint vc="0" uspid="71" ordinal="1" sl="71" sc="1" el="71" ec="2" bec="0" bev="0" fileid="10" />
                <SequencePoint vc="0" uspid="72" ordinal="2" sl="72" sc="1" el="72" ec="2" bec="0" bev="0" fileid="10" />
              </SequencePoints>
              <BranchPoints />
              <MethodPoint vc="0" uspid="0" p8:type="SequencePoint" ordinal="4" offset="4" sc="0" sl="70" ec="1" el="72" bec="0" bev="0" fileid="10" xmlns:p8="xsi" />
            </Method>
            <Method cyclomaticComplexity="2" nPathComplexity="2" sequenceCoverage="0" branchCoverage="0" isConstructor="False" isGetter="False" isSetter="False" isStatic="True">
              <Summary numSequencePoints="10" visitedSequencePoints="0" numBranchPoints="2" visitedBranchPoints="0" sequenceCoverage="0" branchCoverage="0" maxCyclomaticComplexity="2" minCyclomaticComplexity="2" visitedClasses="0" numClasses="0" visitedMethods="0" numMethods="1" />
              <MetadataToken />
              <Name>System.Boolean DisprzTraining.Business.AppointmentBL::UpdateAppointment(System.String,DisprzTraining.Models.Appointment)</Name>
              <FileRef uid="10" />
              <SequencePoints>
                <SequencePoint vc="0" uspid="75" ordinal="0" sl="75" sc="1" el="75" ec="2" bec="0" bev="0" fileid="10" />
                <SequencePoint vc="0" uspid="76" ordinal="1" sl="76" sc="1" el="76" ec="2" bec="0" bev="0" fileid="10" />
                <SequencePoint vc="0" uspid="77" ordinal="2" sl="77" sc="1" el="77" ec="2" bec="0" bev="0" fileid="10" />
                <SequencePoint vc="0" uspid="78" ordinal="3" sl="78" sc="1" el="78" ec="2" bec="0" bev="0" fileid="10" />
                <SequencePoint vc="0" uspid="79" ordinal="4" sl="79" sc="1" el="79" ec="2" bec="0" bev="0" fileid="10" />
                <SequencePoint vc="0" uspid="81" ordinal="5" sl="81" sc="1" el="81" ec="2" bec="2" bev="0" fileid="10" />
                <SequencePoint vc="0" uspid="82" ordinal="6" sl="82" sc="1" el="82" ec="2" bec="0" bev="0" fileid="10" />
                <SequencePoint vc="0" uspid="84" ordinal="7" sl="84" sc="1" el="84" ec="2" bec="0" bev="0" fileid="10" />
                <SequencePoint vc="0" uspid="85" ordinal="8" sl="85" sc="1" el="85" ec="2" bec="0" bev="0" fileid="10" />
                <SequencePoint vc="0" uspid="87" ordinal="9" sl="87" sc="1" el="87" ec="2" bec="0" bev="0" fileid="10" />
              </SequencePoints>
              <BranchPoints>
                <BranchPoint vc="0" uspid="81" ordinal="0" path="0" offset="61" offsetend="63" sl="81" fileid="10" />
                <BranchPoint vc="0" uspid="81" ordinal="1" path="1" offset="61" offsetend="81" sl="81" fileid="10" />
              </BranchPoints>
              <MethodPoint vc="0" uspid="0" p8:type="SequencePoint" ordinal="5" offset="5" sc="0" sl="75" ec="1" el="87" bec="0" bev="0" fileid="10" xmlns:p8="xsi" />
            </Method>
            <Method cyclomaticComplexity="2" nPathComplexity="2" sequenceCoverage="0" branchCoverage="0" isConstructor="False" isGetter="False" isSetter="False" isStatic="True">
              <Summary numSequencePoints="7" visitedSequencePoints="0" numBranchPoints="2" visitedBranchPoints="0" sequenceCoverage="0" branchCoverage="0" maxCyclomaticComplexity="2" minCyclomaticComplexity="2" visitedClasses="0" numClasses="0" visitedMethods="0" numMethods="1" />
              <MetadataToken />
              <Name>System.Collections.Generic.List`1&lt;System.String&gt; DisprzTraining.Business.AppointmentBL::getHolidays(System.String)</Name>
              <FileRef uid="10" />
              <SequencePoints>
                <SequencePoint vc="0" uspid="89" ordinal="0" sl="89" sc="1" el="89" ec="2" bec="0" bev="0" fileid="10" />
                <SequencePoint vc="0" uspid="90" ordinal="1" sl="90" sc="1" el="90" ec="2" bec="0" bev="0" fileid="10" />
                <SequencePoint vc="0" uspid="91" ordinal="2" sl="91" sc="1" el="91" ec="2" bec="2" bev="0" fileid="10" />
                <SequencePoint vc="0" uspid="92" ordinal="3" sl="92" sc="1" el="92" ec="2" bec="0" bev="0" fileid="10" />
                <SequencePoint vc="0" uspid="94" ordinal="4" sl="94" sc="1" el="94" ec="2" bec="0" bev="0" fileid="10" />
                <SequencePoint vc="0" uspid="95" ordinal="5" sl="95" sc="1" el="95" ec="2" bec="0" bev="0" fileid="10" />
                <SequencePoint vc="0" uspid="97" ordinal="6" sl="97" sc="1" el="97" ec="2" bec="0" bev="0" fileid="10" />
              </SequencePoints>
              <BranchPoints>
                <BranchPoint vc="0" uspid="91" ordinal="0" path="0" offset="20" offsetend="22" sl="91" fileid="10" />
                <BranchPoint vc="0" uspid="91" ordinal="1" path="1" offset="20" offsetend="38" sl="91" fileid="10" />
              </BranchPoints>
              <MethodPoint vc="0" uspid="0" p8:type="SequencePoint" ordinal="6" offset="6" sc="0" sl="89" ec="1" el="97" bec="0" bev="0" fileid="10" xmlns:p8="xsi" />
            </Method>
            <Method cyclomaticComplexity="6" nPathComplexity="6" sequenceCoverage="0" branchCoverage="0" isConstructor="False" isGetter="False" isSetter="False" isStatic="True">
              <Summary numSequencePoints="12" visitedSequencePoints="0" numBranchPoints="6" visitedBranchPoints="0" sequenceCoverage="0" branchCoverage="0" maxCyclomaticComplexity="6" minCyclomaticComplexity="6" visitedClasses="0" numClasses="0" visitedMethods="0" numMethods="1" />
              <MetadataToken />
              <Name>System.Collections.Generic.List`1&lt;DisprzTraining.Models.Appointment&gt; DisprzTraining.Business.AppointmentBL::SearchEvents(System.String,System.String)</Name>
              <FileRef uid="10" />
              <SequencePoints>
                <SequencePoint vc="0" uspid="98" ordinal="0" sl="98" sc="1" el="98" ec="2" bec="0" bev="0" fileid="10" />
                <SequencePoint vc="0" uspid="99" ordinal="1" sl="99" sc="1" el="99" ec="2" bec="2" bev="0" fileid="10" />
                <SequencePoint vc="0" uspid="100" ordinal="2" sl="100" sc="1" el="100" ec="2" bec="0" bev="0" fileid="10" />
                <SequencePoint vc="0" uspid="101" ordinal="3" sl="101" sc="1" el="101" ec="2" bec="0" bev="0" fileid="10" />
                <SequencePoint vc="0" uspid="102" ordinal="4" sl="102" sc="1" el="102" ec="2" bec="2" bev="0" fileid="10" />
                <SequencePoint vc="0" uspid="103" ordinal="5" sl="103" sc="1" el="103" ec="2" bec="0" bev="0" fileid="10" />
                <SequencePoint vc="0" uspid="105" ordinal="6" sl="105" sc="1" el="105" ec="2" bec="0" bev="0" fileid="10" />
                <SequencePoint vc="0" uspid="106" ordinal="7" sl="106" sc="1" el="106" ec="2" bec="2" bev="0" fileid="10" />
                <SequencePoint vc="0" uspid="107" ordinal="8" sl="107" sc="1" el="107" ec="2" bec="0" bev="0" fileid="10" />
                <SequencePoint vc="0" uspid="110" ordinal="9" sl="110" sc="1" el="110" ec="2" bec="0" bev="0" fileid="10" />
                <SequencePoint vc="0" uspid="111" ordinal="10" sl="111" sc="1" el="111" ec="2" bec="0" bev="0" fileid="10" />
                <SequencePoint vc="0" uspid="113" ordinal="11" sl="113" sc="1" el="113" ec="2" bec="0" bev="0" fileid="10" />
              </SequencePoints>
              <BranchPoints>
                <BranchPoint vc="0" uspid="99" ordinal="0" path="0" offset="14" offsetend="16" sl="99" fileid="10" />
                <BranchPoint vc="0" uspid="102" ordinal="2" path="0" offset="39" offsetend="41" sl="102" fileid="10" />
                <BranchPoint vc="0" uspid="102" ordinal="3" path="1" offset="39" offsetend="59" sl="102" fileid="10" />
                <BranchPoint vc="0" uspid="99" ordinal="1" path="1" offset="14" offsetend="60" sl="99" fileid="10" />
                <BranchPoint vc="0" uspid="106" ordinal="4" path="0" offset="75" offsetend="77" sl="106" fileid="10" />
                <BranchPoint vc="0" uspid="106" ordinal="5" path="1" offset="75" offsetend="95" sl="106" fileid="10" />
              </BranchPoints>
              <MethodPoint vc="0" uspid="0" p8:type="SequencePoint" ordinal="7" offset="7" sc="0" sl="98" ec="1" el="113" bec="0" bev="0" fileid="10" xmlns:p8="xsi" />
            </Method>
            <Method cyclomaticComplexity="1" nPathComplexity="1" sequenceCoverage="0" branchCoverage="100" isConstructor="False" isGetter="False" isSetter="False" isStatic="True">
              <Summary numSequencePoints="3" visitedSequencePoints="0" numBranchPoints="0" visitedBranchPoints="0" sequenceCoverage="0" branchCoverage="100" maxCyclomaticComplexity="1" minCyclomaticComplexity="1" visitedClasses="0" numClasses="0" visitedMethods="0" numMethods="1" />
              <MetadataToken />
              <Name>System.Collections.Generic.List`1&lt;DisprzTraining.Models.Appointment&gt; DisprzTraining.Business.AppointmentBL::EventsTimeRange(System.DateTime)</Name>
              <FileRef uid="10" />
              <SequencePoints>
                <SequencePoint vc="0" uspid="114" ordinal="0" sl="114" sc="1" el="114" ec="2" bec="0" bev="0" fileid="10" />
                <SequencePoint vc="0" uspid="116" ordinal="1" sl="116" sc="1" el="116" ec="2" bec="0" bev="0" fileid="10" />
                <SequencePoint vc="0" uspid="117" ordinal="2" sl="117" sc="1" el="117" ec="2" bec="0" bev="0" fileid="10" />
              </SequencePoints>
              <BranchPoints />
              <MethodPoint vc="0" uspid="0" p8:type="SequencePoint" ordinal="8" offset="8" sc="0" sl="114" ec="1" el="117" bec="0" bev="0" fileid="10" xmlns:p8="xsi" />
            </Method>
            <Method cyclomaticComplexity="1" nPathComplexity="1" sequenceCoverage="0" branchCoverage="100" isConstructor="True" isGetter="False" isSetter="False" isStatic="True">
              <Summary numSequencePoints="1" visitedSequencePoints="0" numBranchPoints="0" visitedBranchPoints="0" sequenceCoverage="0" branchCoverage="100" maxCyclomaticComplexity="1" minCyclomaticComplexity="1" visitedClasses="0" numClasses="0" visitedMethods="0" numMethods="1" />
              <MetadataToken />
              <Name>System.Void DisprzTraining.Business.AppointmentBL::.ctor()</Name>
              <FileRef uid="10" />
              <SequencePoints>
                <SequencePoint vc="0" uspid="12" ordinal="0" sl="12" sc="1" el="12" ec="2" bec="0" bev="0" fileid="10" />
              </SequencePoints>
              <BranchPoints />
              <MethodPoint vc="0" uspid="0" p8:type="SequencePoint" ordinal="9" offset="9" sc="0" sl="12" ec="1" el="12" bec="0" bev="0" fileid="10" xmlns:p8="xsi" />
            </Method>
            <Method cyclomaticComplexity="1" nPathComplexity="1" sequenceCoverage="0" branchCoverage="100" isConstructor="True" isGetter="False" isSetter="False" isStatic="True">
              <Summary numSequencePoints="3" visitedSequencePoints="0" numBranchPoints="0" visitedBranchPoints="0" sequenceCoverage="0" branchCoverage="100" maxCyclomaticComplexity="1" minCyclomaticComplexity="1" visitedClasses="0" numClasses="0" visitedMethods="0" numMethods="1" />
              <MetadataToken />
              <Name>System.Void DisprzTraining.Business.AppointmentBL::.ctor(DisprzTraining.DataAccess.IAppointmentDAL)</Name>
              <FileRef uid="10" />
              <SequencePoints>
                <SequencePoint vc="0" uspid="13" ordinal="0" sl="13" sc="1" el="13" ec="2" bec="0" bev="0" fileid="10" />
                <SequencePoint vc="0" uspid="14" ordinal="1" sl="14" sc="1" el="14" ec="2" bec="0" bev="0" fileid="10" />
                <SequencePoint vc="0" uspid="15" ordinal="2" sl="15" sc="1" el="15" ec="2" bec="0" bev="0" fileid="10" />
              </SequencePoints>
              <BranchPoints />
              <MethodPoint vc="0" uspid="0" p8:type="SequencePoint" ordinal="10" offset="10" sc="0" sl="13" ec="1" el="15" bec="0" bev="0" fileid="10" xmlns:p8="xsi" />
            </Method>
          </Methods>
        </Class>
      </Classes>
    </Module>
  </Modules>
</CoverageSession>