<?xml version="1.0" encoding="utf-8"?>
<coverage line-rate="0.9975" branch-rate="0.9887999999999999" version="1.9" timestamp="1674321841" lines-covered="404" lines-valid="405" branches-covered="89" branches-valid="90">
  <sources>
    <source>D:\DisprzTraining\DisprzTraining\</source>
  </sources>
  <packages>
    <package name="DisprzTraining" line-rate="0.9975" branch-rate="0.9887999999999999" complexity="125">
      <classes>
        <class name="Program" filename="Program.cs" line-rate="1" branch-rate="1" complexity="2">
          <methods>
            <method name="&lt;Main&gt;$" signature="(System.String[])" line-rate="1" branch-rate="1" complexity="2">
              <lines>
                <line number="4" hits="5" branch="False" />
                <line number="5" hits="5" branch="False" />
                <line number="6" hits="5" branch="False" />
                <line number="7" hits="5" branch="False" />
                <line number="8" hits="5" branch="False" />
                <line number="9" hits="5" branch="False" />
                <line number="10" hits="5" branch="False" />
                <line number="11" hits="5" branch="False" />
                <line number="12" hits="10" branch="False" />
                <line number="16" hits="5" branch="False" />
                <line number="18" hits="5" branch="False" />
                <line number="19" hits="5" branch="False" />
                <line number="21" hits="5" branch="False" />
                <line number="23" hits="5" branch="False" />
                <line number="26" hits="5" branch="True" condition-coverage="100% (2/2)">
                  <conditions>
                    <condition number="190" type="jump" coverage="100%" />
                  </conditions>
                </line>
                <line number="27" hits="5" branch="False" />
                <line number="28" hits="5" branch="False" />
                <line number="29" hits="5" branch="False" />
                <line number="30" hits="5" branch="False" />
                <line number="32" hits="5" branch="False" />
                <line number="34" hits="5" branch="False" />
                <line number="35" hits="10" branch="False" />
                <line number="37" hits="5" branch="False" />
                <line number="39" hits="5" branch="False" />
              </lines>
            </method>
          </methods>
          <lines>
            <line number="4" hits="5" branch="False" />
            <line number="5" hits="5" branch="False" />
            <line number="6" hits="5" branch="False" />
            <line number="7" hits="5" branch="False" />
            <line number="8" hits="5" branch="False" />
            <line number="9" hits="5" branch="False" />
            <line number="10" hits="5" branch="False" />
            <line number="11" hits="5" branch="False" />
            <line number="12" hits="10" branch="False" />
            <line number="16" hits="5" branch="False" />
            <line number="18" hits="5" branch="False" />
            <line number="19" hits="5" branch="False" />
            <line number="21" hits="5" branch="False" />
            <line number="23" hits="5" branch="False" />
            <line number="26" hits="5" branch="True" condition-coverage="100% (2/2)">
              <conditions>
                <condition number="190" type="jump" coverage="100%" />
              </conditions>
            </line>
            <line number="27" hits="5" branch="False" />
            <line number="28" hits="5" branch="False" />
            <line number="29" hits="5" branch="False" />
            <line number="30" hits="5" branch="False" />
            <line number="32" hits="5" branch="False" />
            <line number="34" hits="5" branch="False" />
            <line number="35" hits="10" branch="False" />
            <line number="37" hits="5" branch="False" />
            <line number="39" hits="5" branch="False" />
          </lines>
        </class>
        <class name="DisprzTraining.Utils.ConfigureDependenciesExtension" filename="Utils\ConfigureDependenciesExtension.cs" line-rate="1" branch-rate="1" complexity="1">
          <methods>
            <method name="ConfigureDependencyInjections" signature="(Microsoft.Extensions.DependencyInjection.IServiceCollection)" line-rate="1" branch-rate="1" complexity="1">
              <lines>
                <line number="12" hits="5" branch="False" />
                <line number="13" hits="5" branch="False" />
                <line number="15" hits="5" branch="False" />
                <line number="16" hits="5" branch="False" />
                <line number="17" hits="5" branch="False" />
              </lines>
            </method>
          </methods>
          <lines>
            <line number="12" hits="5" branch="False" />
            <line number="13" hits="5" branch="False" />
            <line number="15" hits="5" branch="False" />
            <line number="16" hits="5" branch="False" />
            <line number="17" hits="5" branch="False" />
          </lines>
        </class>
        <class name="DisprzTraining.Models.Appointment" filename="Models\Appointment.cs" line-rate="1" branch-rate="1" complexity="6">
          <methods>
            <method name="get_Id" signature="()" line-rate="1" branch-rate="1" complexity="1">
              <lines>
                <line number="7" hits="176" branch="False" />
              </lines>
            </method>
            <method name="get_EventName" signature="()" line-rate="1" branch-rate="1" complexity="1">
              <lines>
                <line number="9" hits="216" branch="False" />
              </lines>
            </method>
            <method name="get_StartTime" signature="()" line-rate="1" branch-rate="1" complexity="1">
              <lines>
                <line number="11" hits="386" branch="False" />
              </lines>
            </method>
            <method name="get_EndTime" signature="()" line-rate="1" branch-rate="1" complexity="1">
              <lines>
                <line number="13" hits="240" branch="False" />
              </lines>
            </method>
            <method name="get_EventDescription" signature="()" line-rate="1" branch-rate="1" complexity="1">
              <lines>
                <line number="14" hits="185" branch="False" />
              </lines>
            </method>
            <method name="get_receiverMail" signature="()" line-rate="1" branch-rate="1" complexity="1">
              <lines>
                <line number="15" hits="141" branch="False" />
              </lines>
            </method>
          </methods>
          <lines>
            <line number="7" hits="176" branch="False" />
            <line number="9" hits="216" branch="False" />
            <line number="11" hits="386" branch="False" />
            <line number="13" hits="240" branch="False" />
            <line number="14" hits="185" branch="False" />
            <line number="15" hits="141" branch="False" />
          </lines>
        </class>
        <class name="DisprzTraining.Models.Response" filename="Models\Response.cs" line-rate="1" branch-rate="1" complexity="2">
          <methods>
            <method name="get_StatusCode" signature="()" line-rate="1" branch-rate="1" complexity="1">
              <lines>
                <line number="5" hits="31" branch="False" />
              </lines>
            </method>
            <method name="get_Message" signature="()" line-rate="1" branch-rate="1" complexity="1">
              <lines>
                <line number="6" hits="32" branch="False" />
              </lines>
            </method>
          </methods>
          <lines>
            <line number="5" hits="31" branch="False" />
            <line number="6" hits="32" branch="False" />
          </lines>
        </class>
        <class name="DisprzTraining.Extensions.Extensions" filename="Extensions\Extension.cs" line-rate="1" branch-rate="1" complexity="1">
          <methods>
            <method name="GetDescription" signature="(System.Enum)" line-rate="1" branch-rate="1" complexity="1">
              <lines>
                <line number="13" hits="42" branch="False" />
                <line number="14" hits="42" branch="False" />
                <line number="17" hits="42" branch="False" />
                <line number="18" hits="42" branch="False" />
                <line number="19" hits="42" branch="False" />
                <line number="21" hits="42" branch="False" />
              </lines>
            </method>
          </methods>
          <lines>
            <line number="13" hits="42" branch="False" />
            <line number="14" hits="42" branch="False" />
            <line number="17" hits="42" branch="False" />
            <line number="18" hits="42" branch="False" />
            <line number="19" hits="42" branch="False" />
            <line number="21" hits="42" branch="False" />
          </lines>
        </class>
        <class name="DisprzTraining.Data.EventData" filename="Data\EventData.cs" line-rate="1" branch-rate="1" complexity="1">
          <methods>
            <method name=".cctor" signature="()" line-rate="1" branch-rate="1" complexity="1">
              <lines>
                <line number="12" hits="1" branch="False" />
                <line number="13" hits="1" branch="False" />
                <line number="14" hits="1" branch="False" />
                <line number="15" hits="1" branch="False" />
                <line number="16" hits="1" branch="False" />
                <line number="17" hits="1" branch="False" />
                <line number="18" hits="1" branch="False" />
                <line number="19" hits="1" branch="False" />
                <line number="20" hits="1" branch="False" />
                <line number="21" hits="1" branch="False" />
                <line number="22" hits="1" branch="False" />
                <line number="23" hits="1" branch="False" />
                <line number="24" hits="1" branch="False" />
                <line number="25" hits="1" branch="False" />
                <line number="26" hits="1" branch="False" />
                <line number="27" hits="1" branch="False" />
                <line number="28" hits="1" branch="False" />
                <line number="29" hits="1" branch="False" />
                <line number="30" hits="1" branch="False" />
                <line number="31" hits="1" branch="False" />
                <line number="32" hits="1" branch="False" />
                <line number="33" hits="1" branch="False" />
                <line number="34" hits="1" branch="False" />
                <line number="35" hits="1" branch="False" />
                <line number="36" hits="1" branch="False" />
                <line number="37" hits="1" branch="False" />
                <line number="38" hits="1" branch="False" />
                <line number="39" hits="1" branch="False" />
                <line number="40" hits="1" branch="False" />
                <line number="41" hits="1" branch="False" />
                <line number="42" hits="1" branch="False" />
                <line number="43" hits="1" branch="False" />
                <line number="44" hits="1" branch="False" />
                <line number="45" hits="1" branch="False" />
                <line number="46" hits="1" branch="False" />
                <line number="47" hits="1" branch="False" />
                <line number="48" hits="1" branch="False" />
                <line number="49" hits="1" branch="False" />
                <line number="50" hits="1" branch="False" />
                <line number="51" hits="1" branch="False" />
                <line number="52" hits="1" branch="False" />
                <line number="53" hits="1" branch="False" />
                <line number="54" hits="1" branch="False" />
                <line number="55" hits="1" branch="False" />
                <line number="56" hits="1" branch="False" />
                <line number="57" hits="1" branch="False" />
                <line number="58" hits="1" branch="False" />
                <line number="59" hits="1" branch="False" />
                <line number="60" hits="1" branch="False" />
                <line number="61" hits="1" branch="False" />
                <line number="62" hits="1" branch="False" />
                <line number="63" hits="1" branch="False" />
                <line number="64" hits="1" branch="False" />
                <line number="65" hits="1" branch="False" />
                <line number="66" hits="1" branch="False" />
              </lines>
            </method>
          </methods>
          <lines>
            <line number="12" hits="1" branch="False" />
            <line number="13" hits="1" branch="False" />
            <line number="14" hits="1" branch="False" />
            <line number="15" hits="1" branch="False" />
            <line number="16" hits="1" branch="False" />
            <line number="17" hits="1" branch="False" />
            <line number="18" hits="1" branch="False" />
            <line number="19" hits="1" branch="False" />
            <line number="20" hits="1" branch="False" />
            <line number="21" hits="1" branch="False" />
            <line number="22" hits="1" branch="False" />
            <line number="23" hits="1" branch="False" />
            <line number="24" hits="1" branch="False" />
            <line number="25" hits="1" branch="False" />
            <line number="26" hits="1" branch="False" />
            <line number="27" hits="1" branch="False" />
            <line number="28" hits="1" branch="False" />
            <line number="29" hits="1" branch="False" />
            <line number="30" hits="1" branch="False" />
            <line number="31" hits="1" branch="False" />
            <line number="32" hits="1" branch="False" />
            <line number="33" hits="1" branch="False" />
            <line number="34" hits="1" branch="False" />
            <line number="35" hits="1" branch="False" />
            <line number="36" hits="1" branch="False" />
            <line number="37" hits="1" branch="False" />
            <line number="38" hits="1" branch="False" />
            <line number="39" hits="1" branch="False" />
            <line number="40" hits="1" branch="False" />
            <line number="41" hits="1" branch="False" />
            <line number="42" hits="1" branch="False" />
            <line number="43" hits="1" branch="False" />
            <line number="44" hits="1" branch="False" />
            <line number="45" hits="1" branch="False" />
            <line number="46" hits="1" branch="False" />
            <line number="47" hits="1" branch="False" />
            <line number="48" hits="1" branch="False" />
            <line number="49" hits="1" branch="False" />
            <line number="50" hits="1" branch="False" />
            <line number="51" hits="1" branch="False" />
            <line number="52" hits="1" branch="False" />
            <line number="53" hits="1" branch="False" />
            <line number="54" hits="1" branch="False" />
            <line number="55" hits="1" branch="False" />
            <line number="56" hits="1" branch="False" />
            <line number="57" hits="1" branch="False" />
            <line number="58" hits="1" branch="False" />
            <line number="59" hits="1" branch="False" />
            <line number="60" hits="1" branch="False" />
            <line number="61" hits="1" branch="False" />
            <line number="62" hits="1" branch="False" />
            <line number="63" hits="1" branch="False" />
            <line number="64" hits="1" branch="False" />
            <line number="65" hits="1" branch="False" />
            <line number="66" hits="1" branch="False" />
          </lines>
        </class>
        <class name="DisprzTraining.DataAccess.AppointmentDAL" filename="DataAccess\AppointmentDAL.cs" line-rate="0.9923000000000001" branch-rate="0.9772" complexity="47">
          <methods>
            <method name="CreateAppointment" signature="(System.String,DisprzTraining.Models.Appointment)" line-rate="1" branch-rate="1" complexity="6">
              <lines>
                <line number="13" hits="24" branch="False" />
                <line number="14" hits="24" branch="False" />
                <line number="15" hits="27" branch="True" condition-coverage="100% (2/2)">
                  <conditions>
                    <condition number="41" type="jump" coverage="100%" />
                  </conditions>
                </line>
                <line number="16" hits="3" branch="False" />
                <line number="17" hits="3" branch="False" />
                <line number="18" hits="11" branch="False" />
                <line number="19" hits="6" branch="True" condition-coverage="100% (2/2)">
                  <conditions>
                    <condition number="180" type="jump" coverage="100%" />
                  </conditions>
                </line>
                <line number="20" hits="3" branch="False" />
                <line number="21" hits="3" branch="False" />
                <line number="23" hits="3" branch="False" />
                <line number="24" hits="21" branch="False" />
                <line number="25" hits="21" branch="False" />
                <line number="26" hits="21" branch="False" />
                <line number="27" hits="35" branch="True" condition-coverage="100% (2/2)">
                  <conditions>
                    <condition number="319" type="jump" coverage="100%" />
                  </conditions>
                </line>
                <line number="28" hits="14" branch="False" />
                <line number="29" hits="12" branch="False" />
                <line number="30" hits="19" branch="False" />
                <line number="31" hits="22" branch="False" />
                <line number="32" hits="22" branch="False" />
              </lines>
            </method>
            <method name="GetAppointments" signature="(System.String)" line-rate="1" branch-rate="1" complexity="2">
              <lines>
                <line number="35" hits="11" branch="False" />
                <line number="36" hits="19" branch="True" condition-coverage="100% (2/2)">
                  <conditions>
                    <condition number="28" type="jump" coverage="100%" />
                  </conditions>
                </line>
                <line number="37" hits="8" branch="False" />
                <line number="38" hits="3" branch="False" />
                <line number="39" hits="3" branch="False" />
                <line number="41" hits="11" branch="False" />
              </lines>
            </method>
            <method name="DeleteAppointment" signature="(System.String,System.DateTime)" line-rate="0.9545" branch-rate="0.9" complexity="10">
              <lines>
                <line number="44" hits="25" branch="False" />
                <line number="45" hits="44" branch="True" condition-coverage="100% (2/2)">
                  <conditions>
                    <condition number="28" type="jump" coverage="100%" />
                  </conditions>
                </line>
                <line number="46" hits="19" branch="False" />
                <line number="47" hits="19" branch="False" />
                <line number="48" hits="42" branch="True" condition-coverage="50% (1/2)">
                  <conditions>
                    <condition number="450" type="jump" coverage="50%" />
                  </conditions>
                </line>
                <line number="49" hits="21" branch="False" />
                <line number="50" hits="40" branch="True" condition-coverage="100% (2/2)">
                  <conditions>
                    <condition number="153" type="jump" coverage="100%" />
                  </conditions>
                </line>
                <line number="51" hits="19" branch="False" />
                <line number="52" hits="35" branch="True" condition-coverage="100% (2/2)">
                  <conditions>
                    <condition number="244" type="jump" coverage="100%" />
                  </conditions>
                </line>
                <line number="53" hits="16" branch="False" />
                <line number="54" hits="16" branch="False" />
                <line number="55" hits="19" branch="False" />
                <line number="57" hits="3" branch="True" condition-coverage="100% (2/2)">
                  <conditions>
                    <condition number="356" type="jump" coverage="100%" />
                  </conditions>
                </line>
                <line number="58" hits="1" branch="False" />
                <line number="59" hits="1" branch="False" />
                <line number="60" hits="1" branch="False" />
                <line number="61" hits="1" branch="False" />
                <line number="62" hits="1" branch="False" />
                <line number="63" hits="2" branch="False" />
                <line number="64" hits="0" branch="False" />
                <line number="65" hits="6" branch="False" />
                <line number="66" hits="25" branch="False" />
              </lines>
            </method>
            <method name="UpdateAppointment" signature="(System.String,DisprzTraining.Models.Appointment)" line-rate="1" branch-rate="1" complexity="14">
              <lines>
                <line number="69" hits="6" branch="False" />
                <line number="70" hits="6" branch="False" />
                <line number="71" hits="6" branch="False" />
                <line number="72" hits="12" branch="True" condition-coverage="100% (2/2)">
                  <conditions>
                    <condition number="74" type="jump" coverage="100%" />
                  </conditions>
                </line>
                <line number="73" hits="6" branch="False" />
                <line number="74" hits="32" branch="True" condition-coverage="100% (2/2)">
                  <conditions>
                    <condition number="831" type="jump" coverage="100%" />
                  </conditions>
                </line>
                <line number="75" hits="8" branch="True" condition-coverage="100% (4/4)">
                  <conditions>
                    <condition number="228" type="jump" coverage="100%" />
                    <condition number="264" type="jump" coverage="100%" />
                  </conditions>
                </line>
                <line number="76" hits="2" branch="False" />
                <line number="77" hits="2" branch="False" />
                <line number="78" hits="2" branch="False" />
                <line number="79" hits="2" branch="False" />
                <line number="80" hits="2" branch="False" />
                <line number="81" hits="4" branch="False" />
                <line number="83" hits="2" branch="False" />
                <line number="85" hits="2" branch="False" />
                <line number="87" hits="6" branch="True" condition-coverage="100% (4/4)">
                  <conditions>
                    <condition number="566" type="jump" coverage="100%" />
                    <condition number="605" type="jump" coverage="100%" />
                  </conditions>
                </line>
                <line number="88" hits="2" branch="False" />
                <line number="89" hits="2" branch="False" />
                <line number="90" hits="4" branch="True" condition-coverage="100% (2/2)">
                  <conditions>
                    <condition number="712" type="jump" coverage="100%" />
                  </conditions>
                </line>
                <line number="91" hits="2" branch="False" />
                <line number="92" hits="2" branch="False" />
                <line number="93" hits="2" branch="False" />
                <line number="95" hits="2" branch="False" />
                <line number="96" hits="2" branch="False" />
                <line number="97" hits="2" branch="False" />
                <line number="98" hits="6" branch="False" />
              </lines>
            </method>
            <method name="HolidayData" signature="(System.String)" line-rate="1" branch-rate="1" complexity="1">
              <lines>
                <line number="100" hits="2" branch="False" />
                <line number="101" hits="2" branch="False" />
                <line number="102" hits="2" branch="False" />
              </lines>
            </method>
            <method name="SearchEvents" signature="(System.String,System.String)" line-rate="1" branch-rate="1" complexity="6">
              <lines>
                <line number="104" hits="5" branch="False" />
                <line number="105" hits="5" branch="False" />
                <line number="106" hits="7" branch="True" condition-coverage="100% (2/2)">
                  <conditions>
                    <condition number="63" type="jump" coverage="100%" />
                  </conditions>
                </line>
                <line number="107" hits="2" branch="False" />
                <line number="109" hits="6" branch="True" condition-coverage="100% (2/2)">
                  <conditions>
                    <condition number="149" type="jump" coverage="100%" />
                  </conditions>
                </line>
                <line number="110" hits="16" branch="False" />
                <line number="111" hits="13" branch="False" />
                <line number="112" hits="5" branch="False" />
                <line number="113" hits="15" branch="True" condition-coverage="100% (2/2)">
                  <conditions>
                    <condition number="400" type="jump" coverage="100%" />
                  </conditions>
                </line>
                <line number="114" hits="2" branch="False" />
                <line number="115" hits="2" branch="False" />
                <line number="116" hits="3" branch="False" />
                <line number="117" hits="3" branch="False" />
                <line number="118" hits="5" branch="False" />
              </lines>
            </method>
            <method name="EventsTimeRange" signature="(System.DateTime)" line-rate="1" branch-rate="1" complexity="2">
              <lines>
                <line number="119" hits="1" branch="False" />
                <line number="120" hits="1" branch="False" />
                <line number="121" hits="6" branch="False" />
                <line number="122" hits="5" branch="False" />
                <line number="123" hits="3" branch="False" />
                <line number="124" hits="9" branch="True" condition-coverage="100% (2/2)">
                  <conditions>
                    <condition number="260" type="jump" coverage="100%" />
                  </conditions>
                </line>
                <line number="125" hits="2" branch="False" />
                <line number="126" hits="2" branch="False" />
                <line number="128" hits="1" branch="False" />
                <line number="129" hits="1" branch="False" />
              </lines>
            </method>
            <method name="SendMail" signature="(System.Collections.Generic.List`1&lt;System.String&gt;,DisprzTraining.Models.Appointment)" line-rate="1" branch-rate="1" complexity="4">
              <lines>
                <line number="132" hits="20" branch="False" />
                <line number="133" hits="20" branch="False" />
                <line number="134" hits="20" branch="False" />
                <line number="135" hits="20" branch="False" />
                <line number="136" hits="20" branch="False" />
                <line number="137" hits="20" branch="False" />
                <line number="138" hits="20" branch="False" />
                <line number="139" hits="20" branch="False" />
                <line number="140" hits="20" branch="False" />
                <line number="141" hits="94" branch="True" condition-coverage="100% (2/2)">
                  <conditions>
                    <condition number="577" type="jump" coverage="100%" />
                  </conditions>
                </line>
                <line number="142" hits="18" branch="False" />
                <line number="143" hits="34" branch="True" condition-coverage="100% (2/2)">
                  <conditions>
                    <condition number="442" type="jump" coverage="100%" />
                  </conditions>
                </line>
                <line number="144" hits="16" branch="False" />
                <line number="145" hits="16" branch="False" />
                <line number="146" hits="2" branch="False" />
                <line number="147" hits="2" branch="False" />
                <line number="149" hits="16" branch="False" />
                <line number="150" hits="18" branch="False" />
                <line number="151" hits="18" branch="False" />
                <line number="152" hits="18" branch="False" />
                <line number="153" hits="18" branch="False" />
              </lines>
            </method>
            <method name="GetAppointmentById" signature="(System.Guid)" line-rate="1" branch-rate="1" complexity="1">
              <lines>
                <line number="156" hits="4" branch="False" />
                <line number="157" hits="19" branch="False" />
                <line number="158" hits="15" branch="False" />
                <line number="159" hits="7" branch="False" />
                <line number="160" hits="7" branch="False" />
                <line number="161" hits="7" branch="False" />
                <line number="162" hits="4" branch="False" />
                <line number="163" hits="4" branch="False" />
              </lines>
            </method>
            <method name=".ctor" signature="()" line-rate="1" branch-rate="1" complexity="1">
              <lines>
                <line number="12" hits="123" branch="False" />
              </lines>
            </method>
          </methods>
          <lines>
            <line number="13" hits="24" branch="False" />
            <line number="14" hits="24" branch="False" />
            <line number="15" hits="27" branch="True" condition-coverage="100% (2/2)">
              <conditions>
                <condition number="41" type="jump" coverage="100%" />
              </conditions>
            </line>
            <line number="16" hits="3" branch="False" />
            <line number="17" hits="3" branch="False" />
            <line number="18" hits="11" branch="False" />
            <line number="19" hits="6" branch="True" condition-coverage="100% (2/2)">
              <conditions>
                <condition number="180" type="jump" coverage="100%" />
              </conditions>
            </line>
            <line number="20" hits="3" branch="False" />
            <line number="21" hits="3" branch="False" />
            <line number="23" hits="3" branch="False" />
            <line number="24" hits="21" branch="False" />
            <line number="25" hits="21" branch="False" />
            <line number="26" hits="21" branch="False" />
            <line number="27" hits="35" branch="True" condition-coverage="100% (2/2)">
              <conditions>
                <condition number="319" type="jump" coverage="100%" />
              </conditions>
            </line>
            <line number="28" hits="14" branch="False" />
            <line number="29" hits="12" branch="False" />
            <line number="30" hits="19" branch="False" />
            <line number="31" hits="22" branch="False" />
            <line number="32" hits="22" branch="False" />
            <line number="35" hits="11" branch="False" />
            <line number="36" hits="19" branch="True" condition-coverage="100% (2/2)">
              <conditions>
                <condition number="28" type="jump" coverage="100%" />
              </conditions>
            </line>
            <line number="37" hits="8" branch="False" />
            <line number="38" hits="3" branch="False" />
            <line number="39" hits="3" branch="False" />
            <line number="41" hits="11" branch="False" />
            <line number="44" hits="25" branch="False" />
            <line number="45" hits="44" branch="True" condition-coverage="100% (2/2)">
              <conditions>
                <condition number="28" type="jump" coverage="100%" />
              </conditions>
            </line>
            <line number="46" hits="19" branch="False" />
            <line number="47" hits="19" branch="False" />
            <line number="48" hits="42" branch="True" condition-coverage="50% (1/2)">
              <conditions>
                <condition number="450" type="jump" coverage="50%" />
              </conditions>
            </line>
            <line number="49" hits="21" branch="False" />
            <line number="50" hits="40" branch="True" condition-coverage="100% (2/2)">
              <conditions>
                <condition number="153" type="jump" coverage="100%" />
              </conditions>
            </line>
            <line number="51" hits="19" branch="False" />
            <line number="52" hits="35" branch="True" condition-coverage="100% (2/2)">
              <conditions>
                <condition number="244" type="jump" coverage="100%" />
              </conditions>
            </line>
            <line number="53" hits="16" branch="False" />
            <line number="54" hits="16" branch="False" />
            <line number="55" hits="19" branch="False" />
            <line number="57" hits="3" branch="True" condition-coverage="100% (2/2)">
              <conditions>
                <condition number="356" type="jump" coverage="100%" />
              </conditions>
            </line>
            <line number="58" hits="1" branch="False" />
            <line number="59" hits="1" branch="False" />
            <line number="60" hits="1" branch="False" />
            <line number="61" hits="1" branch="False" />
            <line number="62" hits="1" branch="False" />
            <line number="63" hits="2" branch="False" />
            <line number="64" hits="0" branch="False" />
            <line number="65" hits="6" branch="False" />
            <line number="66" hits="25" branch="False" />
            <line number="69" hits="6" branch="False" />
            <line number="70" hits="6" branch="False" />
            <line number="71" hits="6" branch="False" />
            <line number="72" hits="12" branch="True" condition-coverage="100% (2/2)">
              <conditions>
                <condition number="74" type="jump" coverage="100%" />
              </conditions>
            </line>
            <line number="73" hits="6" branch="False" />
            <line number="74" hits="32" branch="True" condition-coverage="100% (2/2)">
              <conditions>
                <condition number="831" type="jump" coverage="100%" />
              </conditions>
            </line>
            <line number="75" hits="8" branch="True" condition-coverage="100% (4/4)">
              <conditions>
                <condition number="228" type="jump" coverage="100%" />
                <condition number="264" type="jump" coverage="100%" />
              </conditions>
            </line>
            <line number="76" hits="2" branch="False" />
            <line number="77" hits="2" branch="False" />
            <line number="78" hits="2" branch="False" />
            <line number="79" hits="2" branch="False" />
            <line number="80" hits="2" branch="False" />
            <line number="81" hits="4" branch="False" />
            <line number="83" hits="2" branch="False" />
            <line number="85" hits="2" branch="False" />
            <line number="87" hits="6" branch="True" condition-coverage="100% (4/4)">
              <conditions>
                <condition number="566" type="jump" coverage="100%" />
                <condition number="605" type="jump" coverage="100%" />
              </conditions>
            </line>
            <line number="88" hits="2" branch="False" />
            <line number="89" hits="2" branch="False" />
            <line number="90" hits="4" branch="True" condition-coverage="100% (2/2)">
              <conditions>
                <condition number="712" type="jump" coverage="100%" />
              </conditions>
            </line>
            <line number="91" hits="2" branch="False" />
            <line number="92" hits="2" branch="False" />
            <line number="93" hits="2" branch="False" />
            <line number="95" hits="2" branch="False" />
            <line number="96" hits="2" branch="False" />
            <line number="97" hits="2" branch="False" />
            <line number="98" hits="6" branch="False" />
            <line number="100" hits="2" branch="False" />
            <line number="101" hits="2" branch="False" />
            <line number="102" hits="2" branch="False" />
            <line number="104" hits="5" branch="False" />
            <line number="105" hits="5" branch="False" />
            <line number="106" hits="7" branch="True" condition-coverage="100% (2/2)">
              <conditions>
                <condition number="63" type="jump" coverage="100%" />
              </conditions>
            </line>
            <line number="107" hits="2" branch="False" />
            <line number="109" hits="6" branch="True" condition-coverage="100% (2/2)">
              <conditions>
                <condition number="149" type="jump" coverage="100%" />
              </conditions>
            </line>
            <line number="110" hits="16" branch="False" />
            <line number="111" hits="13" branch="False" />
            <line number="112" hits="5" branch="False" />
            <line number="113" hits="15" branch="True" condition-coverage="100% (2/2)">
              <conditions>
                <condition number="400" type="jump" coverage="100%" />
              </conditions>
            </line>
            <line number="114" hits="2" branch="False" />
            <line number="115" hits="2" branch="False" />
            <line number="116" hits="3" branch="False" />
            <line number="117" hits="3" branch="False" />
            <line number="118" hits="5" branch="False" />
            <line number="119" hits="1" branch="False" />
            <line number="120" hits="1" branch="False" />
            <line number="121" hits="6" branch="False" />
            <line number="122" hits="5" branch="False" />
            <line number="123" hits="3" branch="False" />
            <line number="124" hits="9" branch="True" condition-coverage="100% (2/2)">
              <conditions>
                <condition number="260" type="jump" coverage="100%" />
              </conditions>
            </line>
            <line number="125" hits="2" branch="False" />
            <line number="126" hits="2" branch="False" />
            <line number="128" hits="1" branch="False" />
            <line number="129" hits="1" branch="False" />
            <line number="132" hits="20" branch="False" />
            <line number="133" hits="20" branch="False" />
            <line number="134" hits="20" branch="False" />
            <line number="135" hits="20" branch="False" />
            <line number="136" hits="20" branch="False" />
            <line number="137" hits="20" branch="False" />
            <line number="138" hits="20" branch="False" />
            <line number="139" hits="20" branch="False" />
            <line number="140" hits="20" branch="False" />
            <line number="141" hits="94" branch="True" condition-coverage="100% (2/2)">
              <conditions>
                <condition number="577" type="jump" coverage="100%" />
              </conditions>
            </line>
            <line number="142" hits="18" branch="False" />
            <line number="143" hits="34" branch="True" condition-coverage="100% (2/2)">
              <conditions>
                <condition number="442" type="jump" coverage="100%" />
              </conditions>
            </line>
            <line number="144" hits="16" branch="False" />
            <line number="145" hits="16" branch="False" />
            <line number="146" hits="2" branch="False" />
            <line number="147" hits="2" branch="False" />
            <line number="149" hits="16" branch="False" />
            <line number="150" hits="18" branch="False" />
            <line number="151" hits="18" branch="False" />
            <line number="152" hits="18" branch="False" />
            <line number="153" hits="18" branch="False" />
            <line number="156" hits="4" branch="False" />
            <line number="157" hits="19" branch="False" />
            <line number="158" hits="15" branch="False" />
            <line number="159" hits="7" branch="False" />
            <line number="160" hits="7" branch="False" />
            <line number="161" hits="7" branch="False" />
            <line number="162" hits="4" branch="False" />
            <line number="163" hits="4" branch="False" />
            <line number="12" hits="123" branch="False" />
          </lines>
        </class>
        <class name="DisprzTraining.CustomExceptions.NotIdFoundException" filename="CustomExceptions\CustomException.cs" line-rate="1" branch-rate="1" complexity="2">
          <methods>
            <method name="get_StatusCode" signature="()" line-rate="1" branch-rate="1" complexity="1">
              <lines>
                <line number="10" hits="8" branch="False" />
              </lines>
            </method>
            <method name="get_ErrorMessage" signature="()" line-rate="1" branch-rate="1" complexity="1">
              <lines>
                <line number="11" hits="9" branch="False" />
              </lines>
            </method>
          </methods>
          <lines>
            <line number="10" hits="8" branch="False" />
            <line number="11" hits="9" branch="False" />
          </lines>
        </class>
        <class name="DisprzTraining.CustomExceptions.DateTimeMisMatchException" filename="CustomExceptions\CustomException.cs" line-rate="1" branch-rate="1" complexity="2">
          <methods>
            <method name="get_StatusCode" signature="()" line-rate="1" branch-rate="1" complexity="1">
              <lines>
                <line number="14" hits="19" branch="False" />
              </lines>
            </method>
            <method name="get_ErrorMessage" signature="()" line-rate="1" branch-rate="1" complexity="1">
              <lines>
                <line number="15" hits="19" branch="False" />
              </lines>
            </method>
          </methods>
          <lines>
            <line number="14" hits="19" branch="False" />
            <line number="15" hits="19" branch="False" />
          </lines>
        </class>
        <class name="DisprzTraining.CustomExceptions.MeetingOverLapException" filename="CustomExceptions\CustomException.cs" line-rate="1" branch-rate="1" complexity="2">
          <methods>
            <method name="get_StatusCode" signature="()" line-rate="1" branch-rate="1" complexity="1">
              <lines>
                <line number="19" hits="8" branch="False" />
              </lines>
            </method>
            <method name="get_ErrorMessage" signature="()" line-rate="1" branch-rate="1" complexity="1">
              <lines>
                <line number="20" hits="8" branch="False" />
              </lines>
            </method>
          </methods>
          <lines>
            <line number="19" hits="8" branch="False" />
            <line number="20" hits="8" branch="False" />
          </lines>
        </class>
        <class name="DisprzTraining.CustomExceptions.NoDataFoundException" filename="CustomExceptions\CustomException.cs" line-rate="1" branch-rate="1" complexity="2">
          <methods>
            <method name="get_StatusCode" signature="()" line-rate="1" branch-rate="1" complexity="1">
              <lines>
                <line number="23" hits="9" branch="False" />
              </lines>
            </method>
            <method name="get_ErrorMessage" signature="()" line-rate="1" branch-rate="1" complexity="1">
              <lines>
                <line number="24" hits="9" branch="False" />
              </lines>
            </method>
          </methods>
          <lines>
            <line number="23" hits="9" branch="False" />
            <line number="24" hits="9" branch="False" />
          </lines>
        </class>
        <class name="DisprzTraining.CustomExceptions.InValiDateException" filename="CustomExceptions\CustomException.cs" line-rate="1" branch-rate="1" complexity="1">
          <methods>
            <method name="get_ErrorMessage" signature="()" line-rate="1" branch-rate="1" complexity="1">
              <lines>
                <line number="27" hits="5" branch="False" />
              </lines>
            </method>
          </methods>
          <lines>
            <line number="27" hits="5" branch="False" />
          </lines>
        </class>
        <class name="DisprzTraining.CustomExceptions.PastDateException" filename="CustomExceptions\CustomException.cs" line-rate="1" branch-rate="1" complexity="2">
          <methods>
            <method name="get_StatusCode" signature="()" line-rate="1" branch-rate="1" complexity="1">
              <lines>
                <line number="30" hits="1" branch="False" />
              </lines>
            </method>
            <method name="get_ErrorMessage" signature="()" line-rate="1" branch-rate="1" complexity="1">
              <lines>
                <line number="31" hits="1" branch="False" />
              </lines>
            </method>
          </methods>
          <lines>
            <line number="30" hits="1" branch="False" />
            <line number="31" hits="1" branch="False" />
          </lines>
        </class>
        <class name="DisprzTraining.Controllers.AppointmentsController" filename="Controllers\AppointmentsController.cs" line-rate="1" branch-rate="1" complexity="12">
          <methods>
            <method name="createAppointment" signature="(DisprzTraining.Models.Appointment)" line-rate="1" branch-rate="1" complexity="1">
              <lines>
                <line number="24" hits="26" branch="False" />
                <line number="25" hits="26" branch="False" />
                <line number="26" hits="26" branch="False" />
                <line number="27" hits="26" branch="False" />
                <line number="28" hits="20" branch="False" />
                <line number="30" hits="2" branch="False" />
                <line number="31" hits="2" branch="False" />
                <line number="32" hits="2" branch="False" />
                <line number="34" hits="2" branch="False" />
                <line number="35" hits="1" branch="False" />
                <line number="37" hits="2" branch="False" />
                <line number="38" hits="1" branch="False" />
                <line number="40" hits="4" branch="False" />
                <line number="41" hits="2" branch="False" />
                <line number="43" hits="26" branch="False" />
              </lines>
            </method>
            <method name="getAppointments" signature="(System.String)" line-rate="1" branch-rate="1" complexity="1">
              <lines>
                <line number="47" hits="10" branch="False" />
                <line number="48" hits="10" branch="False" />
                <line number="49" hits="10" branch="False" />
                <line number="50" hits="9" branch="False" />
                <line number="52" hits="2" branch="False" />
                <line number="53" hits="1" branch="False" />
                <line number="55" hits="10" branch="False" />
              </lines>
            </method>
            <method name="DeleteAppointment" signature="(System.DateTime)" line-rate="1" branch-rate="1" complexity="2">
              <lines>
                <line number="59" hits="25" branch="False" />
                <line number="60" hits="25" branch="False" />
                <line number="61" hits="25" branch="False" />
                <line number="63" hits="25" branch="False" />
                <line number="64" hits="44" branch="True" condition-coverage="100% (2/2)">
                  <conditions>
                    <condition number="83" type="jump" coverage="100%" />
                  </conditions>
                </line>
                <line number="65" hits="19" branch="False" />
                <line number="67" hits="6" branch="False" />
                <line number="68" hits="6" branch="False" />
                <line number="70" hits="25" branch="False" />
              </lines>
            </method>
            <method name="UpdateAppointment" signature="(System.String,DisprzTraining.Models.Appointment)" line-rate="1" branch-rate="1" complexity="2">
              <lines>
                <line number="75" hits="13" branch="False" />
                <line number="76" hits="13" branch="False" />
                <line number="77" hits="13" branch="False" />
                <line number="78" hits="10" branch="True" condition-coverage="100% (2/2)">
                  <conditions>
                    <condition number="59" type="jump" coverage="100%" />
                  </conditions>
                </line>
                <line number="79" hits="4" branch="False" />
                <line number="81" hits="2" branch="False" />
                <line number="82" hits="2" branch="False" />
                <line number="85" hits="4" branch="False" />
                <line number="86" hits="4" branch="False" />
                <line number="87" hits="4" branch="False" />
                <line number="89" hits="4" branch="False" />
                <line number="90" hits="2" branch="False" />
                <line number="92" hits="2" branch="False" />
                <line number="93" hits="1" branch="False" />
                <line number="95" hits="13" branch="False" />
              </lines>
            </method>
            <method name="GetHolidays" signature="(System.String)" line-rate="1" branch-rate="1" complexity="1">
              <lines>
                <line number="99" hits="4" branch="False" />
                <line number="100" hits="4" branch="False" />
                <line number="101" hits="4" branch="False" />
                <line number="102" hits="4" branch="False" />
              </lines>
            </method>
            <method name="Search" signature="(System.String,System.String)" line-rate="1" branch-rate="1" complexity="2">
              <lines>
                <line number="108" hits="6" branch="False" />
                <line number="109" hits="6" branch="False" />
                <line number="110" hits="6" branch="False" />
                <line number="111" hits="8" branch="True" condition-coverage="100% (2/2)">
                  <conditions>
                    <condition number="67" type="jump" coverage="100%" />
                  </conditions>
                </line>
                <line number="112" hits="3" branch="False" />
                <line number="114" hits="2" branch="False" />
                <line number="115" hits="2" branch="False" />
                <line number="118" hits="2" branch="False" />
                <line number="119" hits="1" branch="False" />
                <line number="121" hits="6" branch="False" />
              </lines>
            </method>
            <method name="RangeEvents" signature="(System.DateTime)" line-rate="1" branch-rate="1" complexity="1">
              <lines>
                <line number="124" hits="1" branch="False" />
                <line number="125" hits="1" branch="False" />
                <line number="126" hits="1" branch="False" />
                <line number="127" hits="1" branch="False" />
              </lines>
            </method>
            <method name="GetAppointmentById" signature="(System.Guid)" line-rate="1" branch-rate="1" complexity="1">
              <lines>
                <line number="132" hits="4" branch="False" />
                <line number="133" hits="4" branch="False" />
                <line number="134" hits="4" branch="False" />
                <line number="135" hits="3" branch="False" />
                <line number="137" hits="2" branch="False" />
                <line number="138" hits="1" branch="False" />
                <line number="140" hits="4" branch="False" />
              </lines>
            </method>
            <method name=".ctor" signature="(DisprzTraining.Business.IAppointmentBL)" line-rate="1" branch-rate="1" complexity="1">
              <lines>
                <line number="15" hits="40" branch="False" />
                <line number="16" hits="40" branch="False" />
                <line number="17" hits="40" branch="False" />
                <line number="18" hits="40" branch="False" />
              </lines>
            </method>
          </methods>
          <lines>
            <line number="24" hits="26" branch="False" />
            <line number="25" hits="26" branch="False" />
            <line number="26" hits="26" branch="False" />
            <line number="27" hits="26" branch="False" />
            <line number="28" hits="20" branch="False" />
            <line number="30" hits="2" branch="False" />
            <line number="31" hits="2" branch="False" />
            <line number="32" hits="2" branch="False" />
            <line number="34" hits="2" branch="False" />
            <line number="35" hits="1" branch="False" />
            <line number="37" hits="2" branch="False" />
            <line number="38" hits="1" branch="False" />
            <line number="40" hits="4" branch="False" />
            <line number="41" hits="2" branch="False" />
            <line number="43" hits="26" branch="False" />
            <line number="47" hits="10" branch="False" />
            <line number="48" hits="10" branch="False" />
            <line number="49" hits="10" branch="False" />
            <line number="50" hits="9" branch="False" />
            <line number="52" hits="2" branch="False" />
            <line number="53" hits="1" branch="False" />
            <line number="55" hits="10" branch="False" />
            <line number="59" hits="25" branch="False" />
            <line number="60" hits="25" branch="False" />
            <line number="61" hits="25" branch="False" />
            <line number="63" hits="25" branch="False" />
            <line number="64" hits="44" branch="True" condition-coverage="100% (2/2)">
              <conditions>
                <condition number="83" type="jump" coverage="100%" />
              </conditions>
            </line>
            <line number="65" hits="19" branch="False" />
            <line number="67" hits="6" branch="False" />
            <line number="68" hits="6" branch="False" />
            <line number="70" hits="25" branch="False" />
            <line number="75" hits="13" branch="False" />
            <line number="76" hits="13" branch="False" />
            <line number="77" hits="13" branch="False" />
            <line number="78" hits="10" branch="True" condition-coverage="100% (2/2)">
              <conditions>
                <condition number="59" type="jump" coverage="100%" />
              </conditions>
            </line>
            <line number="79" hits="4" branch="False" />
            <line number="81" hits="2" branch="False" />
            <line number="82" hits="2" branch="False" />
            <line number="85" hits="4" branch="False" />
            <line number="86" hits="4" branch="False" />
            <line number="87" hits="4" branch="False" />
            <line number="89" hits="4" branch="False" />
            <line number="90" hits="2" branch="False" />
            <line number="92" hits="2" branch="False" />
            <line number="93" hits="1" branch="False" />
            <line number="95" hits="13" branch="False" />
            <line number="99" hits="4" branch="False" />
            <line number="100" hits="4" branch="False" />
            <line number="101" hits="4" branch="False" />
            <line number="102" hits="4" branch="False" />
            <line number="108" hits="6" branch="False" />
            <line number="109" hits="6" branch="False" />
            <line number="110" hits="6" branch="False" />
            <line number="111" hits="8" branch="True" condition-coverage="100% (2/2)">
              <conditions>
                <condition number="67" type="jump" coverage="100%" />
              </conditions>
            </line>
            <line number="112" hits="3" branch="False" />
            <line number="114" hits="2" branch="False" />
            <line number="115" hits="2" branch="False" />
            <line number="118" hits="2" branch="False" />
            <line number="119" hits="1" branch="False" />
            <line number="121" hits="6" branch="False" />
            <line number="124" hits="1" branch="False" />
            <line number="125" hits="1" branch="False" />
            <line number="126" hits="1" branch="False" />
            <line number="127" hits="1" branch="False" />
            <line number="132" hits="4" branch="False" />
            <line number="133" hits="4" branch="False" />
            <line number="134" hits="4" branch="False" />
            <line number="135" hits="3" branch="False" />
            <line number="137" hits="2" branch="False" />
            <line number="138" hits="1" branch="False" />
            <line number="140" hits="4" branch="False" />
            <line number="15" hits="40" branch="False" />
            <line number="16" hits="40" branch="False" />
            <line number="17" hits="40" branch="False" />
            <line number="18" hits="40" branch="False" />
          </lines>
        </class>
        <class name="DisprzTraining.Business.AppointmentBL" filename="Business\AppointmentBL.cs" line-rate="1" branch-rate="1" complexity="42">
          <methods>
            <method name="DateValidation" signature="(System.String[])" line-rate="1" branch-rate="1" complexity="4">
              <lines>
                <line number="17" hits="53" branch="False" />
                <line number="18" hits="506" branch="True" condition-coverage="100% (2/2)">
                  <conditions>
                    <condition number="198" type="jump" coverage="100%" />
                  </conditions>
                </line>
                <line number="19" hits="117" branch="True" condition-coverage="100% (2/2)">
                  <conditions>
                    <condition number="109" type="jump" coverage="100%" />
                  </conditions>
                </line>
                <line number="20" hits="230" branch="False" />
                <line number="21" hits="113" branch="False" />
                <line number="23" hits="4" branch="False" />
                <line number="24" hits="4" branch="False" />
                <line number="27" hits="49" branch="False" />
                <line number="28" hits="53" branch="False" />
              </lines>
            </method>
            <method name="TimeValidation" signature="(System.String,DisprzTraining.Models.Appointment)" line-rate="1" branch-rate="1" complexity="18">
              <lines>
                <line number="29" hits="39" branch="False" />
                <line number="30" hits="42" branch="True" condition-coverage="100% (2/2)">
                  <conditions>
                    <condition number="40" type="jump" coverage="100%" />
                  </conditions>
                </line>
                <line number="31" hits="3" branch="False" />
                <line number="33" hits="39" branch="True" condition-coverage="100% (2/2)">
                  <conditions>
                    <condition number="147" type="jump" coverage="100%" />
                  </conditions>
                </line>
                <line number="34" hits="3" branch="False" />
                <line number="36" hits="41" branch="True" condition-coverage="100% (4/4)">
                  <conditions>
                    <condition number="217" type="jump" coverage="100%" />
                    <condition number="255" type="jump" coverage="100%" />
                  </conditions>
                </line>
                <line number="37" hits="16" branch="True" condition-coverage="100% (2/2)">
                  <conditions>
                    <condition number="312" type="jump" coverage="100%" />
                  </conditions>
                </line>
                <line number="38" hits="51" branch="True" condition-coverage="100% (2/2)">
                  <conditions>
                    <condition number="654" type="jump" coverage="100%" />
                  </conditions>
                </line>
                <line number="39" hits="12" branch="True" condition-coverage="100% (2/2)">
                  <conditions>
                    <condition number="454" type="jump" coverage="100%" />
                  </conditions>
                </line>
                <line number="40" hits="2" branch="False" />
                <line number="42" hits="11" branch="True" condition-coverage="100% (4/4)">
                  <conditions>
                    <condition number="530" type="jump" coverage="100%" />
                    <condition number="577" type="jump" coverage="100%" />
                  </conditions>
                </line>
                <line number="43" hits="3" branch="False" />
                <line number="45" hits="5" branch="False" />
                <line number="46" hits="5" branch="False" />
                <line number="47" hits="5" branch="False" />
                <line number="48" hits="30" branch="False" />
                <line number="49" hits="30" branch="False" />
              </lines>
            </method>
            <method name="NewAppointment" signature="(System.String,DisprzTraining.Models.Appointment)" line-rate="1" branch-rate="1" complexity="2">
              <lines>
                <line number="50" hits="26" branch="False" />
                <line number="51" hits="52" branch="False" />
                <line number="52" hits="26" branch="False" />
                <line number="53" hits="26" branch="False" />
                <line number="54" hits="26" branch="False" />
                <line number="55" hits="45" branch="True" condition-coverage="100% (2/2)">
                  <conditions>
                    <condition number="164" type="jump" coverage="100%" />
                  </conditions>
                </line>
                <line number="56" hits="22" branch="False" />
                <line number="58" hits="1" branch="False" />
                <line number="59" hits="1" branch="False" />
                <line number="61" hits="20" branch="False" />
              </lines>
            </method>
            <method name="RetriveAppointments" signature="(System.String)" line-rate="1" branch-rate="1" complexity="2">
              <lines>
                <line number="64" hits="10" branch="False" />
                <line number="65" hits="10" branch="False" />
                <line number="66" hits="10" branch="False" />
                <line number="67" hits="19" branch="True" condition-coverage="100% (2/2)">
                  <conditions>
                    <condition number="63" type="jump" coverage="100%" />
                  </conditions>
                </line>
                <line number="68" hits="9" branch="False" />
                <line number="70" hits="1" branch="False" />
                <line number="71" hits="1" branch="False" />
                <line number="73" hits="9" branch="False" />
              </lines>
            </method>
            <method name="RemoveAppointmnet" signature="(System.String,System.DateTime)" line-rate="1" branch-rate="1" complexity="1">
              <lines>
                <line number="76" hits="25" branch="False" />
                <line number="77" hits="25" branch="False" />
                <line number="78" hits="25" branch="False" />
              </lines>
            </method>
            <method name="UpdateAppointment" signature="(System.String,DisprzTraining.Models.Appointment)" line-rate="1" branch-rate="1" complexity="2">
              <lines>
                <line number="81" hits="13" branch="False" />
                <line number="82" hits="13" branch="False" />
                <line number="83" hits="13" branch="False" />
                <line number="84" hits="13" branch="False" />
                <line number="85" hits="13" branch="False" />
                <line number="87" hits="13" branch="True" condition-coverage="100% (2/2)">
                  <conditions>
                    <condition number="121" type="jump" coverage="100%" />
                  </conditions>
                </line>
                <line number="88" hits="6" branch="False" />
                <line number="90" hits="1" branch="False" />
                <line number="91" hits="1" branch="False" />
                <line number="93" hits="6" branch="False" />
              </lines>
            </method>
            <method name="getHolidays" signature="(System.String)" line-rate="1" branch-rate="1" complexity="2">
              <lines>
                <line number="95" hits="4" branch="False" />
                <line number="96" hits="4" branch="False" />
                <line number="97" hits="6" branch="True" condition-coverage="100% (2/2)">
                  <conditions>
                    <condition number="50" type="jump" coverage="100%" />
                  </conditions>
                </line>
                <line number="98" hits="2" branch="False" />
                <line number="100" hits="2" branch="False" />
                <line number="101" hits="2" branch="False" />
                <line number="103" hits="4" branch="False" />
              </lines>
            </method>
            <method name="SearchEvents" signature="(System.String,System.String)" line-rate="1" branch-rate="1" complexity="6">
              <lines>
                <line number="104" hits="6" branch="False" />
                <line number="105" hits="9" branch="True" condition-coverage="100% (2/2)">
                  <conditions>
                    <condition number="34" type="jump" coverage="100%" />
                  </conditions>
                </line>
                <line number="106" hits="3" branch="False" />
                <line number="107" hits="3" branch="False" />
                <line number="108" hits="5" branch="True" condition-coverage="100% (2/2)">
                  <conditions>
                    <condition number="112" type="jump" coverage="100%" />
                  </conditions>
                </line>
                <line number="109" hits="2" branch="False" />
                <line number="111" hits="1" branch="False" />
                <line number="112" hits="7" branch="True" condition-coverage="100% (2/2)">
                  <conditions>
                    <condition number="221" type="jump" coverage="100%" />
                  </conditions>
                </line>
                <line number="113" hits="3" branch="False" />
                <line number="116" hits="1" branch="False" />
                <line number="117" hits="1" branch="False" />
                <line number="119" hits="5" branch="False" />
              </lines>
            </method>
            <method name="EventsTimeRange" signature="(System.DateTime)" line-rate="1" branch-rate="1" complexity="1">
              <lines>
                <line number="120" hits="1" branch="False" />
                <line number="122" hits="1" branch="False" />
                <line number="123" hits="1" branch="False" />
              </lines>
            </method>
            <method name="getAppointmentById" signature="(System.Guid)" line-rate="1" branch-rate="1" complexity="2">
              <lines>
                <line number="126" hits="4" branch="False" />
                <line number="127" hits="4" branch="False" />
                <line number="128" hits="7" branch="True" condition-coverage="100% (2/2)">
                  <conditions>
                    <condition number="55" type="jump" coverage="100%" />
                  </conditions>
                </line>
                <line number="129" hits="3" branch="False" />
                <line number="131" hits="1" branch="False" />
                <line number="132" hits="1" branch="False" />
                <line number="134" hits="3" branch="False" />
              </lines>
            </method>
            <method name=".ctor" signature="()" line-rate="1" branch-rate="1" complexity="1">
              <lines>
                <line number="12" hits="3" branch="False" />
                <line number="16" hits="41" branch="False" />
              </lines>
            </method>
            <method name=".ctor" signature="(DisprzTraining.DataAccess.IAppointmentDAL)" line-rate="1" branch-rate="1" complexity="1">
              <lines>
                <line number="13" hits="80" branch="False" />
                <line number="14" hits="40" branch="False" />
                <line number="15" hits="40" branch="False" />
              </lines>
            </method>
          </methods>
          <lines>
            <line number="17" hits="53" branch="False" />
            <line number="18" hits="506" branch="True" condition-coverage="100% (2/2)">
              <conditions>
                <condition number="198" type="jump" coverage="100%" />
              </conditions>
            </line>
            <line number="19" hits="117" branch="True" condition-coverage="100% (2/2)">
              <conditions>
                <condition number="109" type="jump" coverage="100%" />
              </conditions>
            </line>
            <line number="20" hits="230" branch="False" />
            <line number="21" hits="113" branch="False" />
            <line number="23" hits="4" branch="False" />
            <line number="24" hits="4" branch="False" />
            <line number="27" hits="49" branch="False" />
            <line number="28" hits="53" branch="False" />
            <line number="29" hits="39" branch="False" />
            <line number="30" hits="42" branch="True" condition-coverage="100% (2/2)">
              <conditions>
                <condition number="40" type="jump" coverage="100%" />
              </conditions>
            </line>
            <line number="31" hits="3" branch="False" />
            <line number="33" hits="39" branch="True" condition-coverage="100% (2/2)">
              <conditions>
                <condition number="147" type="jump" coverage="100%" />
              </conditions>
            </line>
            <line number="34" hits="3" branch="False" />
            <line number="36" hits="41" branch="True" condition-coverage="100% (4/4)">
              <conditions>
                <condition number="217" type="jump" coverage="100%" />
                <condition number="255" type="jump" coverage="100%" />
              </conditions>
            </line>
            <line number="37" hits="16" branch="True" condition-coverage="100% (2/2)">
              <conditions>
                <condition number="312" type="jump" coverage="100%" />
              </conditions>
            </line>
            <line number="38" hits="51" branch="True" condition-coverage="100% (2/2)">
              <conditions>
                <condition number="654" type="jump" coverage="100%" />
              </conditions>
            </line>
            <line number="39" hits="12" branch="True" condition-coverage="100% (2/2)">
              <conditions>
                <condition number="454" type="jump" coverage="100%" />
              </conditions>
            </line>
            <line number="40" hits="2" branch="False" />
            <line number="42" hits="11" branch="True" condition-coverage="100% (4/4)">
              <conditions>
                <condition number="530" type="jump" coverage="100%" />
                <condition number="577" type="jump" coverage="100%" />
              </conditions>
            </line>
            <line number="43" hits="3" branch="False" />
            <line number="45" hits="5" branch="False" />
            <line number="46" hits="5" branch="False" />
            <line number="47" hits="5" branch="False" />
            <line number="48" hits="30" branch="False" />
            <line number="49" hits="30" branch="False" />
            <line number="50" hits="26" branch="False" />
            <line number="51" hits="52" branch="False" />
            <line number="52" hits="26" branch="False" />
            <line number="53" hits="26" branch="False" />
            <line number="54" hits="26" branch="False" />
            <line number="55" hits="45" branch="True" condition-coverage="100% (2/2)">
              <conditions>
                <condition number="164" type="jump" coverage="100%" />
              </conditions>
            </line>
            <line number="56" hits="22" branch="False" />
            <line number="58" hits="1" branch="False" />
            <line number="59" hits="1" branch="False" />
            <line number="61" hits="20" branch="False" />
            <line number="64" hits="10" branch="False" />
            <line number="65" hits="10" branch="False" />
            <line number="66" hits="10" branch="False" />
            <line number="67" hits="19" branch="True" condition-coverage="100% (2/2)">
              <conditions>
                <condition number="63" type="jump" coverage="100%" />
              </conditions>
            </line>
            <line number="68" hits="9" branch="False" />
            <line number="70" hits="1" branch="False" />
            <line number="71" hits="1" branch="False" />
            <line number="73" hits="9" branch="False" />
            <line number="76" hits="25" branch="False" />
            <line number="77" hits="25" branch="False" />
            <line number="78" hits="25" branch="False" />
            <line number="81" hits="13" branch="False" />
            <line number="82" hits="13" branch="False" />
            <line number="83" hits="13" branch="False" />
            <line number="84" hits="13" branch="False" />
            <line number="85" hits="13" branch="False" />
            <line number="87" hits="13" branch="True" condition-coverage="100% (2/2)">
              <conditions>
                <condition number="121" type="jump" coverage="100%" />
              </conditions>
            </line>
            <line number="88" hits="6" branch="False" />
            <line number="90" hits="1" branch="False" />
            <line number="91" hits="1" branch="False" />
            <line number="93" hits="6" branch="False" />
            <line number="95" hits="4" branch="False" />
            <line number="96" hits="4" branch="False" />
            <line number="97" hits="6" branch="True" condition-coverage="100% (2/2)">
              <conditions>
                <condition number="50" type="jump" coverage="100%" />
              </conditions>
            </line>
            <line number="98" hits="2" branch="False" />
            <line number="100" hits="2" branch="False" />
            <line number="101" hits="2" branch="False" />
            <line number="103" hits="4" branch="False" />
            <line number="104" hits="6" branch="False" />
            <line number="105" hits="9" branch="True" condition-coverage="100% (2/2)">
              <conditions>
                <condition number="34" type="jump" coverage="100%" />
              </conditions>
            </line>
            <line number="106" hits="3" branch="False" />
            <line number="107" hits="3" branch="False" />
            <line number="108" hits="5" branch="True" condition-coverage="100% (2/2)">
              <conditions>
                <condition number="112" type="jump" coverage="100%" />
              </conditions>
            </line>
            <line number="109" hits="2" branch="False" />
            <line number="111" hits="1" branch="False" />
            <line number="112" hits="7" branch="True" condition-coverage="100% (2/2)">
              <conditions>
                <condition number="221" type="jump" coverage="100%" />
              </conditions>
            </line>
            <line number="113" hits="3" branch="False" />
            <line number="116" hits="1" branch="False" />
            <line number="117" hits="1" branch="False" />
            <line number="119" hits="5" branch="False" />
            <line number="120" hits="1" branch="False" />
            <line number="122" hits="1" branch="False" />
            <line number="123" hits="1" branch="False" />
            <line number="126" hits="4" branch="False" />
            <line number="127" hits="4" branch="False" />
            <line number="128" hits="7" branch="True" condition-coverage="100% (2/2)">
              <conditions>
                <condition number="55" type="jump" coverage="100%" />
              </conditions>
            </line>
            <line number="129" hits="3" branch="False" />
            <line number="131" hits="1" branch="False" />
            <line number="132" hits="1" branch="False" />
            <line number="134" hits="3" branch="False" />
            <line number="12" hits="3" branch="False" />
            <line number="16" hits="41" branch="False" />
            <line number="13" hits="80" branch="False" />
            <line number="14" hits="40" branch="False" />
            <line number="15" hits="40" branch="False" />
          </lines>
        </class>
      </classes>
    </package>
  </packages>
</coverage>